{"numFailedTestSuites":0,"numFailedTests":0,"numPassedTestSuites":33,"numPassedTests":525,"numPendingTestSuites":0,"numPendingTests":0,"numRuntimeErrorTestSuites":0,"numTodoTests":0,"numTotalTestSuites":33,"numTotalTests":525,"openHandles":[],"snapshot":{"added":0,"didUpdate":false,"failure":false,"filesAdded":0,"filesRemoved":0,"filesRemovedList":[],"filesUnmatched":0,"filesUpdated":0,"matched":0,"total":0,"unchecked":0,"uncheckedKeysByFile":[],"unmatched":0,"updated":0},"startTime":1789129575126,"success":true,"testResults":[{"assertionResults":[{"ancestorTitles":["11: moments, raster limits, preprocessing and HOG"],"duration":2784,"failing":false,"failureDetails":[],"failureMessages":[],"fullName":"11: moments, raster limits, preprocessing and HOG large translations must not corrupt third central moments by cancellation","invocations":1,"location":null,"numPassingAsserts":9,"retryReasons":[],"startAt":1789129575435,"status":"passed","title":"large translations must not corrupt third central moments by cancellation"},{"ancestorTitles":["11: moments, raster limits, preprocessing and HOG"],"duration":1,"failing":false,"failureDetails":[],"failureMessages":[],"fullName":"11: moments, raster limits, preprocessing and HOG three-pixel L agrees with hand moments and normalized Hu values","invocations":1,"location":null,"numPassingAsserts":6,"retryReasons":[],"startAt":1789129578220,"status":"passed","title":"three-pixel L agrees with hand moments and normalized Hu values"},{"ancestorTitles":["11: moments, raster limits, preprocessing and HOG"],"duration":1,"failing":false,"failureDetails":[],"failureMessages":[],"fullName":"11: moments, raster limits, preprocessing and HOG Hu is invariant to grid-preserving rotation; reflection flips only h7","invocations":1,"location":null,"numPassingAsserts":15,"retryReasons":[],"startAt":1789129578222,"status":"passed","title":"Hu is invariant to grid-preserving rotation; reflection flips only h7"},{"ancestorTitles":["11: moments, raster limits, preprocessing and HOG"],"duration":0,"failing":false,"failureDetails":[],"failureMessages":[],"fullName":"11: moments, raster limits, preprocessing and HOG raster square scale change is not exact Hu invariance","invocations":1,"location":null,"numPassingAsserts":2,"retryReasons":[],"startAt":1789129578224,"status":"passed","title":"raster square scale change is not exact Hu invariance"},{"ancestorTitles":["11: moments, raster limits, preprocessing and HOG"],"duration":19,"failing":false,"failureDetails":[],"failureMessages":[],"fullName":"11: moments, raster limits, preprocessing and HOG thin nonempty character must survive crop-and-center","invocations":1,"location":null,"numPassingAsserts":2,"retryReasons":[],"startAt":1789129578225,"status":"passed","title":"thin nonempty character must survive crop-and-center"},{"ancestorTitles":["11: moments, raster limits, preprocessing and HOG"],"duration":1,"failing":false,"failureDetails":[],"failureMessages":[],"fullName":"11: moments, raster limits, preprocessing and HOG explicit zero std uses the documented constant-feature convention","invocations":1,"location":null,"numPassingAsserts":1,"retryReasons":[],"startAt":1789129578244,"status":"passed","title":"explicit zero std uses the documented constant-feature convention"},{"ancestorTitles":["11: moments, raster limits, preprocessing and HOG"],"duration":1,"failing":false,"failureDetails":[],"failureMessages":[],"fullName":"11: moments, raster limits, preprocessing and HOG HOG uses center differences, half-open hard bins, and magnitude votes","invocations":1,"location":null,"numPassingAsserts":6,"retryReasons":[],"startAt":1789129578245,"status":"passed","title":"HOG uses center differences, half-open hard bins, and magnitude votes"},{"ancestorTitles":["12: distances and scores"],"duration":0,"failing":false,"failureDetails":[],"failureMessages":[],"fullName":"12: distances and scores constant NCC uses zero sentinel, never perfect correlation","invocations":1,"location":null,"numPassingAsserts":7,"retryReasons":[],"startAt":1789129578247,"status":"passed","title":"constant NCC uses zero sentinel, never perfect correlation"},{"ancestorTitles":["12: distances and scores"],"duration":17,"failing":false,"failureDetails":[],"failureMessages":[],"fullName":"12: distances and scores softmax requires positive finite temperature and preserves distant relative scores","invocations":1,"location":null,"numPassingAsserts":6,"retryReasons":[],"startAt":1789129578247,"status":"passed","title":"softmax requires positive finite temperature and preserves distant relative scores"},{"ancestorTitles":["12: distances and scores"],"duration":5,"failing":false,"failureDetails":[],"failureMessages":[],"fullName":"12: distances and scores HOG feature choice must not silently return combined features","invocations":1,"location":null,"numPassingAsserts":3,"retryReasons":[],"startAt":1789129578264,"status":"passed","title":"HOG feature choice must not silently return combined features"},{"ancestorTitles":["12: distances and scores"],"duration":6,"failing":false,"failureDetails":[],"failureMessages":[],"fullName":"12: distances and scores empty image is rejected before matching and empty evaluation stays finite","invocations":1,"location":null,"numPassingAsserts":2,"retryReasons":[],"startAt":1789129578270,"status":"passed","title":"empty image is rejected before matching and empty evaluation stays finite"},{"ancestorTitles":["13: honest splitting and parameter boundaries"],"duration":5,"failing":false,"failureDetails":[],"failureMessages":[],"fullName":"13: honest splitting and parameter boundaries split ratios 0 and 1 respect the declared endpoints; NaN is invalid","invocations":1,"location":null,"numPassingAsserts":3,"retryReasons":[],"startAt":1789129578276,"status":"passed","title":"split ratios 0 and 1 respect the declared endpoints; NaN is invalid"},{"ancestorTitles":["13: honest splitting and parameter boundaries"],"duration":1,"failing":false,"failureDetails":[],"failureMessages":[],"fullName":"13: honest splitting and parameter boundaries related augmented samples stay together with groupBy","invocations":1,"location":null,"numPassingAsserts":2,"retryReasons":[],"startAt":1789129578281,"status":"passed","title":"related augmented samples stay together with groupBy"},{"ancestorTitles":["13: honest splitting and parameter boundaries"],"duration":1,"failing":false,"failureDetails":[],"failureMessages":[],"fullName":"13: honest splitting and parameter boundaries invalid K and empty validation cannot silently choose a model","invocations":1,"location":null,"numPassingAsserts":5,"retryReasons":[],"startAt":1789129578282,"status":"passed","title":"invalid K and empty validation cannot silently choose a model"},{"ancestorTitles":["13: honest splitting and parameter boundaries"],"duration":0,"failing":false,"failureDetails":[],"failureMessages":[],"fullName":"13: honest splitting and parameter boundaries vote tie uses mean distance; odd K can still tie in multiclass","invocations":1,"location":null,"numPassingAsserts":2,"retryReasons":[],"startAt":1789129578283,"status":"passed","title":"vote tie uses mean distance; odd K can still tie in multiclass"},{"ancestorTitles":["13: honest splitting and parameter boundaries"],"duration":1,"failing":false,"failureDetails":[],"failureMessages":[],"fullName":"13: honest splitting and parameter boundaries lower rejection threshold is stricter even when vote share is 100%","invocations":1,"location":null,"numPassingAsserts":4,"retryReasons":[],"startAt":1789129578283,"status":"passed","title":"lower rejection threshold is stricter even when vote share is 100%"},{"ancestorTitles":["13: honest splitting and parameter boundaries"],"duration":0,"failing":false,"failureDetails":[],"failureMessages":[],"fullName":"13: honest splitting and parameter boundaries explicit confusion label order is retained and unknown labels are rejected","invocations":1,"location":null,"numPassingAsserts":3,"retryReasons":[],"startAt":1789129578284,"status":"passed","title":"explicit confusion label order is retained and unknown labels are rejected"},{"ancestorTitles":["11–13: actual HTML algorithm parity"],"duration":11,"failing":false,"failureDetails":[],"failureMessages":[],"fullName":"11–13: actual HTML algorithm parity 11 browser statistical/Hu/combined features equal the Node module","invocations":1,"location":null,"numPassingAsserts":2,"retryReasons":[],"startAt":1789129578284,"status":"passed","title":"11 browser statistical/Hu/combined features equal the Node module"},{"ancestorTitles":["11–13: actual HTML algorithm parity"],"duration":13,"failing":false,"failureDetails":[],"failureMessages":[],"fullName":"11–13: actual HTML algorithm parity 12 browser uses the same crop, Hu, feature dimensions and correlation","invocations":1,"location":null,"numPassingAsserts":2,"retryReasons":[],"startAt":1789129578295,"status":"passed","title":"12 browser uses the same crop, Hu, feature dimensions and correlation"},{"ancestorTitles":["11–13: actual HTML algorithm parity"],"duration":11,"failing":false,"failureDetails":[],"failureMessages":[],"fullName":"11–13: actual HTML algorithm parity 13 browser uses the same feature pipeline and tie rule","invocations":1,"location":null,"numPassingAsserts":2,"retryReasons":[],"startAt":1789129578308,"status":"passed","title":"13 browser uses the same feature pipeline and tie rule"}],"endTime":1789129578320,"message":"","name":"/Users/wuxiuran/project/ocr-learn-ai/shared/__tests__/11-13-correctnessRegression.test.js","startTime":1789129575167,"status":"passed","summary":""},{"assertionResults":[{"ancestorTitles":["第20章真正的CNN + BiLSTM + CTC"],"duration":13,"failing":false,"failureDetails":[],"failureMessages":[],"fullName":"第20章真正的CNN + BiLSTM + CTC 宽度决定时间轴且池化向下取整","invocations":1,"location":null,"numPassingAsserts":3,"retryReasons":[],"startAt":1789129578433,"status":"passed","title":"宽度决定时间轴且池化向下取整"},{"ancestorTitles":["第20章真正的CNN + BiLSTM + CTC"],"duration":3,"failing":false,"failureDetails":[],"failureMessages":[],"fullName":"第20章真正的CNN + BiLSTM + CTC 合成种子复现，重复字符串保留；非法图像拒绝","invocations":1,"location":null,"numPassingAsserts":5,"retryReasons":[],"startAt":1789129578446,"status":"passed","title":"合成种子复现，重复字符串保留；非法图像拒绝"},{"ancestorTitles":["第20章真正的CNN + BiLSTM + CTC"],"duration":173,"failing":false,"failureDetails":[],"failureMessages":[],"fullName":"第20章真正的CNN + BiLSTM + CTC CTC梯度有限差分误差小于1e-5","invocations":1,"location":null,"numPassingAsserts":1,"retryReasons":[],"startAt":1789129578449,"status":"passed","title":"CTC梯度有限差分误差小于1e-5"},{"ancestorTitles":["第20章真正的CNN + BiLSTM + CTC"],"duration":86,"failing":false,"failureDetails":[],"failureMessages":[],"fullName":"第20章真正的CNN + BiLSTM + CTC 端到端梯度经过CNN和两个LSTM，并核对卷积参数有限差分","invocations":1,"location":null,"numPassingAsserts":18,"retryReasons":[],"startAt":1789129578622,"status":"passed","title":"端到端梯度经过CNN和两个LSTM，并核对卷积参数有限差分"},{"ancestorTitles":["第20章真正的CNN + BiLSTM + CTC"],"duration":13,"failing":false,"failureDetails":[],"failureMessages":[],"fullName":"第20章真正的CNN + BiLSTM + CTC 导出重载预测相同；预测不读取truth或labels；释放无泄漏","invocations":1,"location":null,"numPassingAsserts":4,"retryReasons":[],"startAt":1789129578708,"status":"passed","title":"导出重载预测相同；预测不读取truth或labels；释放无泄漏"},{"ancestorTitles":["第20章真正的CNN + BiLSTM + CTC"],"duration":2932,"failing":false,"failureDetails":[],"failureMessages":[],"fullName":"第20章真正的CNN + BiLSTM + CTC 少量真实全模型更新使CTC损失下降且卷积权重改变","invocations":1,"location":null,"numPassingAsserts":5,"retryReasons":[],"startAt":1789129578721,"status":"passed","title":"少量真实全模型更新使CTC损失下降且卷积权重改变"}],"endTime":1789129581654,"message":"","name":"/Users/wuxiuran/project/ocr-learn-ai/shared/__tests__/crnn.test.js","startTime":1789129578333,"status":"passed","summary":""},{"assertionResults":[{"ancestorTitles":["06 集合形态学与亮度残差"],"duration":1,"failing":false,"failureDetails":[],"failureMessages":[],"fullName":"06 集合形态学与亮度残差 黑前景腐蚀/膨胀须操作文字，不操作白背景","invocations":1,"location":null,"numPassingAsserts":3,"retryReasons":[],"startAt":1789129581688,"status":"passed","title":"黑前景腐蚀/膨胀须操作文字，不操作白背景"},{"ancestorTitles":["06 集合形态学与亮度残差"],"duration":0,"failing":false,"failureDetails":[],"failureMessages":[],"fullName":"06 集合形态学与亮度残差 非对称B中心+右邻居，膨胀向右；开运算不能向左平移","invocations":1,"location":null,"numPassingAsserts":2,"retryReasons":[],"startAt":1789129581690,"status":"passed","title":"非对称B中心+右邻居，膨胀向右；开运算不能向左平移"},{"ancestorTitles":["06 集合形态学与亮度残差"],"duration":0,"failing":false,"failureDetails":[],"failureMessages":[],"fullName":"06 集合形态学与亮度残差 矩形核1×3须使用独立高宽与锚点","invocations":1,"location":null,"numPassingAsserts":1,"retryReasons":[],"startAt":1789129581690,"status":"passed","title":"矩形核1×3须使用独立高宽与锚点"},{"ancestorTitles":["06 集合形态学与亮度残差"],"duration":1,"failing":false,"failureDetails":[],"failureMessages":[],"fullName":"06 集合形态学与亮度残差 闭运算中间扩边，贴边前景不能消失","invocations":1,"location":null,"numPassingAsserts":2,"retryReasons":[],"startAt":1789129581690,"status":"passed","title":"闭运算中间扩边，贴边前景不能消失"},{"ancestorTitles":["06 集合形态学与亮度残差"],"duration":1,"failing":false,"failureDetails":[],"failureMessages":[],"fullName":"06 集合形态学与亮度残差 3×3圆盘与十字一致；二值帽输出白残差","invocations":1,"location":null,"numPassingAsserts":5,"retryReasons":[],"startAt":1789129581691,"status":"passed","title":"3×3圆盘与十字一致；二值帽输出白残差"},{"ancestorTitles":["07 角度/坐标/边界"],"duration":1,"failing":false,"failureDetails":[],"failureMessages":[],"fullName":"07 角度/坐标/边界 零角nearest逐像素恒等，覆盖所有边界和1×1","invocations":1,"location":null,"numPassingAsserts":4,"retryReasons":[],"startAt":1789129581692,"status":"passed","title":"零角nearest逐像素恒等，覆盖所有边界和1×1"},{"ancestorTitles":["07 角度/坐标/边界"],"duration":0,"failing":false,"failureDetails":[],"failureMessages":[],"fullName":"07 角度/坐标/边界 零角bilinear逐像素恒等，覆盖所有边界和1×1","invocations":1,"location":null,"numPassingAsserts":4,"retryReasons":[],"startAt":1789129581693,"status":"passed","title":"零角bilinear逐像素恒等，覆盖所有边界和1×1"},{"ancestorTitles":["07 角度/坐标/边界"],"duration":0,"failing":false,"failureDetails":[],"failureMessages":[],"fullName":"07 角度/坐标/边界 正90°视觉逆时针，绕像素网格中心","invocations":1,"location":null,"numPassingAsserts":1,"retryReasons":[],"startAt":1789129581693,"status":"passed","title":"正90°视觉逆时针，绕像素网格中心"},{"ancestorTitles":["07 角度/坐标/边界"],"duration":1,"failing":false,"failureDetails":[],"failureMessages":[],"fullName":"07 角度/坐标/边界 双线性边界逐tap使用指定背景","invocations":1,"location":null,"numPassingAsserts":2,"retryReasons":[],"startAt":1789129581693,"status":"passed","title":"双线性边界逐tap使用指定背景"},{"ancestorTitles":["07 角度/坐标/边界"],"duration":1140,"failing":false,"failureDetails":[],"failureMessages":[],"fullName":"07 角度/坐标/边界 模拟7°后直接用检测角校正且方差增加","invocations":1,"location":null,"numPassingAsserts":4,"retryReasons":[],"startAt":1789129581694,"status":"passed","title":"模拟7°后直接用检测角校正且方差增加"},{"ancestorTitles":["07 角度/坐标/边界"],"duration":1172,"failing":false,"failureDetails":[],"failureMessages":[],"fullName":"07 角度/坐标/边界 模拟-7°后直接用检测角校正且方差增加","invocations":1,"location":null,"numPassingAsserts":4,"retryReasons":[],"startAt":1789129582835,"status":"passed","title":"模拟-7°后直接用检测角校正且方差增加"},{"ancestorTitles":["07 角度/坐标/边界"],"duration":133,"failing":false,"failureDetails":[],"failureMessages":[],"fullName":"07 角度/坐标/边界 细化不越过搜索界限；空白不凭空转向","invocations":1,"location":null,"numPassingAsserts":3,"retryReasons":[],"startAt":1789129584007,"status":"passed","title":"细化不越过搜索界限；空白不凭空转向"},{"ancestorTitles":["07 角度/坐标/边界"],"duration":18,"failing":false,"failureDetails":[],"failureMessages":[],"fullName":"07 角度/坐标/边界 霍夫角度总票数恒定，峰值能区分方向","invocations":1,"location":null,"numPassingAsserts":3,"retryReasons":[],"startAt":1789129584140,"status":"passed","title":"霍夫角度总票数恒定，峰值能区分方向"},{"ancestorTitles":["08 梯度方向与滞后连通"],"duration":1,"failing":false,"failureDetails":[],"failureMessages":[],"fullName":"08 梯度方向与滞后连通 NMS按y向下的45°比较对角邻居","invocations":1,"location":null,"numPassingAsserts":1,"retryReasons":[],"startAt":1789129584158,"status":"passed","title":"NMS按y向下的45°比较对角邻居"},{"ancestorTitles":["08 梯度方向与滞后连通"],"duration":0,"failing":false,"failureDetails":[],"failureMessages":[],"fullName":"08 梯度方向与滞后连通 NMS按y向下的135°比较对角邻居","invocations":1,"location":null,"numPassingAsserts":1,"retryReasons":[],"startAt":1789129584159,"status":"passed","title":"NMS按y向下的135°比较对角邻居"},{"ancestorTitles":["08 梯度方向与滞后连通"],"duration":0,"failing":false,"failureDetails":[],"failureMessages":[],"fullName":"08 梯度方向与滞后连通 NMS按y向下的-45°比较对角邻居","invocations":1,"location":null,"numPassingAsserts":1,"retryReasons":[],"startAt":1789129584159,"status":"passed","title":"NMS按y向下的-45°比较对角邻居"},{"ancestorTitles":["08 梯度方向与滞后连通"],"duration":0,"failing":false,"failureDetails":[],"failureMessages":[],"fullName":"08 梯度方向与滞后连通 NMS按y向下的-135°比较对角邻居","invocations":1,"location":null,"numPassingAsserts":1,"retryReasons":[],"startAt":1789129584159,"status":"passed","title":"NMS按y向下的-135°比较对角邻居"},{"ancestorTitles":["08 梯度方向与滞后连通"],"duration":0,"failing":false,"failureDetails":[],"failureMessages":[],"fullName":"08 梯度方向与滞后连通 Sobel手算270/70、方向14.53°，不是错的外积分解","invocations":1,"location":null,"numPassingAsserts":3,"retryReasons":[],"startAt":1789129584159,"status":"passed","title":"Sobel手算270/70、方向14.53°，不是错的外积分解"},{"ancestorTitles":["08 梯度方向与滞后连通"],"duration":0,"failing":false,"failureDetails":[],"failureMessages":[],"fullName":"08 梯度方向与滞后连通 边界强点可带动多跳弱边缘，孤立弱点舍弃","invocations":1,"location":null,"numPassingAsserts":1,"retryReasons":[],"startAt":1789129584159,"status":"passed","title":"边界强点可带动多跳弱边缘，孤立弱点舍弃"},{"ancestorTitles":["08 梯度方向与滞后连通"],"duration":3,"failing":false,"failureDetails":[],"failureMessages":[],"fullName":"08 梯度方向与滞后连通 低阈值0不把平坦背景接成满幅边缘","invocations":1,"location":null,"numPassingAsserts":1,"retryReasons":[],"startAt":1789129584159,"status":"passed","title":"低阈值0不把平坦背景接成满幅边缘"},{"ancestorTitles":["09 连通性独立穷举和讲义算例"],"duration":56,"failing":false,"failureDetails":[],"failureMessages":[],"fullName":"09 连通性独立穷举和讲义算例 3×3的全部512种二值图，4/8连通分区均等于独立BFS","invocations":1,"location":null,"numPassingAsserts":1024,"retryReasons":[],"startAt":1789129584162,"status":"passed","title":"3×3的全部512种二值图，4/8连通分区均等于独立BFS"},{"ancestorTitles":["09 连通性独立穷举和讲义算例"],"duration":1,"failing":false,"failureDetails":[],"failureMessages":[],"fullName":"09 连通性独立穷举和讲义算例 斜桥Two-Pass例子为8连通1域/4连通3域，几何量可手算","invocations":1,"location":null,"numPassingAsserts":3,"retryReasons":[],"startAt":1789129584218,"status":"passed","title":"斜桥Two-Pass例子为8连通1域/4连通3域，几何量可手算"},{"ancestorTitles":["09 连通性独立穷举和讲义算例"],"duration":12,"failing":false,"failureDetails":[],"failureMessages":[],"fullName":"09 连通性独立穷举和讲义算例 拒绝无效连通性，不能静默当成4连通","invocations":1,"location":null,"numPassingAsserts":1,"retryReasons":[],"startAt":1789129584219,"status":"passed","title":"拒绝无效连通性，不能静默当成4连通"},{"ancestorTitles":["10 投影边界、筛选与阅读顺序"],"duration":1,"failing":false,"failureDetails":[],"failureMessages":[],"fullName":"10 投影边界、筛选与阅读顺序 末行/末列单像素区域正确闭合","invocations":1,"location":null,"numPassingAsserts":2,"retryReasons":[],"startAt":1789129584231,"status":"passed","title":"末行/末列单像素区域正确闭合"},{"ancestorTitles":["10 投影边界、筛选与阅读顺序"],"duration":0,"failing":false,"failureDetails":[],"failureMessages":[],"fullName":"10 投影边界、筛选与阅读顺序 带非零x/y偏移的字符分割返回全图坐标","invocations":1,"location":null,"numPassingAsserts":1,"retryReasons":[],"startAt":1789129584232,"status":"passed","title":"带非零x/y偏移的字符分割返回全图坐标"},{"ancestorTitles":["10 投影边界、筛选与阅读顺序"],"duration":1,"failing":false,"failureDetails":[],"failureMessages":[],"fullName":"10 投影边界、筛选与阅读顺序 候选筛选必须影响最终字符且保留洞","invocations":1,"location":null,"numPassingAsserts":3,"retryReasons":[],"startAt":1789129584232,"status":"passed","title":"候选筛选必须影响最终字符且保留洞"},{"ancestorTitles":["10 投影边界、筛选与阅读顺序"],"duration":0,"failing":false,"failureDetails":[],"failureMessages":[],"fullName":"10 投影边界、筛选与阅读顺序 RLSA仅填两端包夹且≤阈值的间隙，水平/垂直一致","invocations":1,"location":null,"numPassingAsserts":2,"retryReasons":[],"startAt":1789129584233,"status":"passed","title":"RLSA仅填两端包夹且≤阈值的间隙，水平/垂直一致"},{"ancestorTitles":["10 投影边界、筛选与阅读顺序"],"duration":0,"failing":false,"failureDetails":[],"failureMessages":[],"fullName":"10 投影边界、筛选与阅读顺序 先分行再排序，所有输入排列给出同一顺序","invocations":1,"location":null,"numPassingAsserts":6,"retryReasons":[],"startAt":1789129584233,"status":"passed","title":"先分行再排序，所有输入排列给出同一顺序"}],"endTime":1789129584234,"message":"","name":"/Users/wuxiuran/project/ocr-learn-ai/shared/__tests__/review06-10-correctness.test.js","startTime":1789129581659,"status":"passed","summary":""},{"assertionResults":[{"ancestorTitles":["第25章跨模块修复后的识别契约"],"duration":566,"failing":false,"failureDetails":[],"failureMessages":[],"fullName":"第25章跨模块修复后的识别契约 两个方向的已知倾斜都施加相反校正，保留原字符框","invocations":1,"location":null,"numPassingAsserts":4,"retryReasons":[],"startAt":1789129584257,"status":"passed","title":"两个方向的已知倾斜都施加相反校正，保留原字符框"},{"ancestorTitles":["第25章跨模块修复后的识别契约"],"duration":29,"failing":false,"failureDetails":[],"failureMessages":[],"fullName":"第25章跨模块修复后的识别契约 大裁剪中的细小前景经缩放消失时拒绝推理，不输出伪数字","invocations":1,"location":null,"numPassingAsserts":2,"retryReasons":[],"startAt":1789129584824,"status":"passed","title":"大裁剪中的细小前景经缩放消失时拒绝推理，不输出伪数字"}],"endTime":1789129584853,"message":"","name":"/Users/wuxiuran/project/ocr-learn-ai/shared/__tests__/review25Integration.test.js","startTime":1789129584237,"status":"passed","summary":""},{"assertionResults":[{"ancestorTitles":[],"duration":5,"failing":false,"failureDetails":[],"failureMessages":[],"fullName":"区分矩阵乘法/逐元素乘法，广播和真实自动微分","invocations":1,"location":null,"numPassingAsserts":2,"retryReasons":[],"startAt":1789129584897,"status":"passed","title":"区分矩阵乘法/逐元素乘法，广播和真实自动微分"},{"ancestorTitles":[],"duration":77,"failing":false,"failureDetails":[],"failureMessages":[],"fullName":"框架真实训练收敛、序列化保留权重、反复推理不泄露张量","invocations":1,"location":null,"numPassingAsserts":34,"retryReasons":[],"startAt":1789129584902,"status":"passed","title":"框架真实训练收敛、序列化保留权重、反复推理不泄露张量"},{"ancestorTitles":[],"duration":5,"failing":false,"failureDetails":[],"failureMessages":[],"fullName":"拒绝无效训练参数与非有限推理值","invocations":1,"location":null,"numPassingAsserts":2,"retryReasons":[],"startAt":1789129584979,"status":"passed","title":"拒绝无效训练参数与非有限推理值"},{"ancestorTitles":[],"duration":1,"failing":false,"failureDetails":[],"failureMessages":[],"fullName":"1轮fit日志保留更新前MSE=3，最终参数的重新评估为2.26","invocations":1,"location":null,"numPassingAsserts":6,"retryReasons":[],"startAt":1789129584984,"status":"passed","title":"1轮fit日志保留更新前MSE=3，最终参数的重新评估为2.26"},{"ancestorTitles":[],"duration":175,"failing":false,"failureDetails":[],"failureMessages":[],"fullName":"异步训练回调失败后，模型、外部优化器和训练数据都释放","invocations":1,"location":null,"numPassingAsserts":2,"retryReasons":[],"startAt":1789129584985,"status":"passed","title":"异步训练回调失败后，模型、外部优化器和训练数据都释放"},{"ancestorTitles":[],"duration":1,"failing":false,"failureDetails":[],"failureMessages":[],"fullName":"自动微分第一步与手算梯度、不同学习率严格对应","invocations":1,"location":null,"numPassingAsserts":3,"retryReasons":[],"startAt":1789129585160,"status":"passed","title":"自动微分第一步与手算梯度、不同学习率严格对应"}],"endTime":1789129585161,"message":"","name":"/Users/wuxiuran/project/ocr-learn-ai/shared/__tests__/tensorflowjsIntro.test.js","startTime":1789129584859,"status":"passed","summary":""},{"assertionResults":[{"ancestorTitles":[],"duration":3,"failing":false,"failureDetails":[],"failureMessages":[],"fullName":"白图与完全透明的黑图必须为空白，不交给分类器胡猜","invocations":1,"location":null,"numPassingAsserts":6,"retryReasons":[],"startAt":1789129585203,"status":"passed","title":"白图与完全透明的黑图必须为空白，不交给分类器胡猜"},{"ancestorTitles":[],"duration":11,"failing":false,"failureDetails":[],"failureMessages":[],"fullName":"原图非空但强下采样丢光墨迹时拒识，保留bbox并跳过重心除零/模型","invocations":1,"location":null,"numPassingAsserts":6,"retryReasons":[],"startAt":1789129585206,"status":"passed","title":"原图非空但强下采样丢光墨迹时拒识，保留bbox并跳过重心除零/模型"},{"ancestorTitles":[],"duration":9,"failing":false,"failureDetails":[],"failureMessages":[],"fullName":"数据准备不能把空白图带数字标签继续送入训练","invocations":1,"location":null,"numPassingAsserts":1,"retryReasons":[],"startAt":1789129585217,"status":"passed","title":"数据准备不能把空白图带数字标签继续送入训练"},{"ancestorTitles":[],"duration":8,"failing":false,"failureDetails":[],"failureMessages":[],"fullName":"不同画布边距上的同一数字得到同一输入，瘦数字不拉成正方形","invocations":1,"location":null,"numPassingAsserts":5,"retryReasons":[],"startAt":1789129585226,"status":"passed","title":"不同画布边距上的同一数字得到同一输入，瘦数字不拉成正方形"},{"ancestorTitles":[],"duration":4,"failing":false,"failureDetails":[],"failureMessages":[],"fullName":"训练数据走与照片推理完全一致的极性、灰度和裁剪函数","invocations":1,"location":null,"numPassingAsserts":4,"retryReasons":[],"startAt":1789129585234,"status":"passed","title":"训练数据走与照片推理完全一致的极性、灰度和裁剪函数"},{"ancestorTitles":[],"duration":2,"failing":false,"failureDetails":[],"failureMessages":[],"fullName":"强度重心约在图心，透明度先与白背景合成","invocations":1,"location":null,"numPassingAsserts":2,"retryReasons":[],"startAt":1789129585238,"status":"passed","title":"强度重心约在图心，透明度先与白背景合成"},{"ancestorTitles":[],"duration":13,"failing":false,"failureDetails":[],"failureMessages":[],"fullName":"零角度增强恒等；有限旋转保持有效输入；拒绝不合理增强","invocations":1,"location":null,"numPassingAsserts":3,"retryReasons":[],"startAt":1789129585240,"status":"passed","title":"零角度增强恒等；有限旋转保持有效输入；拒绝不合理增强"},{"ancestorTitles":[],"duration":121,"failing":false,"failureDetails":[],"failureMessages":[],"fullName":"模型维度和参数数正确，预测概率归一、重复推理张量不累积","invocations":1,"location":null,"numPassingAsserts":15,"retryReasons":[],"startAt":1789129585253,"status":"passed","title":"模型维度和参数数正确，预测概率归一、重复推理张量不累积"},{"ancestorTitles":[],"duration":1,"failing":false,"failureDetails":[],"failureMessages":[],"fullName":"划分固定种子可复现、训练验证互斥、原始样本索引完整","invocations":1,"location":null,"numPassingAsserts":5,"retryReasons":[],"startAt":1789129585374,"status":"passed","title":"划分固定种子可复现、训练验证互斥、原始样本索引完整"},{"ancestorTitles":[],"duration":1,"failing":false,"failureDetails":[],"failureMessages":[],"fullName":"IDX 严格读取大端魔数和长度，拒绝截断、错误标签","invocations":1,"location":null,"numPassingAsserts":5,"retryReasons":[],"startAt":1789129585375,"status":"passed","title":"IDX 严格读取大端魔数和长度，拒绝截断、错误标签"},{"ancestorTitles":[],"duration":1,"failing":false,"failureDetails":[],"failureMessages":[],"fullName":"混淆矩阵行是真实类别，准确率和每类指标分母可手算","invocations":1,"location":null,"numPassingAsserts":6,"retryReasons":[],"startAt":1789129585376,"status":"passed","title":"混淆矩阵行是真实类别，准确率和每类指标分母可手算"},{"ancestorTitles":[],"duration":0,"failing":false,"failureDetails":[],"failureMessages":[],"fullName":"拒绝尺寸、像素值和选项异常，而不是静默返回伪输入","invocations":1,"location":null,"numPassingAsserts":4,"retryReasons":[],"startAt":1789129585377,"status":"passed","title":"拒绝尺寸、像素值和选项异常，而不是静默返回伪输入"},{"ancestorTitles":[],"duration":19,"failing":false,"failureDetails":[],"failureMessages":[],"fullName":"真实卷积激活检查保持形状、有限值且不释放原模型或积累张量","invocations":1,"location":null,"numPassingAsserts":39,"retryReasons":[],"startAt":1789129585377,"status":"passed","title":"真实卷积激活检查保持形状、有限值且不释放原模型或积累张量"},{"ancestorTitles":[],"duration":7,"failing":false,"failureDetails":[],"failureMessages":[],"fullName":"新建模型的实际Dropout层每次训练重新采样，推理恒等且不积累张量","invocations":1,"location":null,"numPassingAsserts":8,"retryReasons":[],"startAt":1789129585396,"status":"passed","title":"新建模型的实际Dropout层每次训练重新采样，推理恒等且不积累张量"},{"ancestorTitles":[],"duration":1,"failing":false,"failureDetails":[],"failureMessages":[],"fullName":"只有显式legacy配置重放历史固定掩码，非法策略在建模前拒绝","invocations":1,"location":null,"numPassingAsserts":3,"retryReasons":[],"startAt":1789129585403,"status":"passed","title":"只有显式legacy配置重放历史固定掩码，非法策略在建模前拒绝"},{"ancestorTitles":[],"duration":5,"failing":false,"failureDetails":[],"failureMessages":[],"fullName":"普通交叉熵对齐p-y，极端概率裁剪会失去该梯度，融合logits损失仍为2000","invocations":1,"location":null,"numPassingAsserts":13,"retryReasons":[],"startAt":1789129585404,"status":"passed","title":"普通交叉熵对齐p-y，极端概率裁剪会失去该梯度，融合logits损失仍为2000"}],"endTime":1789129585409,"message":"","name":"/Users/wuxiuran/project/ocr-learn-ai/shared/__tests__/cnnDigitClassifier.test.js","startTime":1789129585168,"status":"passed","summary":""},{"assertionResults":[{"ancestorTitles":["投影直方图计算"],"duration":0,"failing":false,"failureDetails":[],"failureMessages":[],"fullName":"投影直方图计算 calculateHorizontalProjection 基本功能","invocations":1,"location":null,"numPassingAsserts":3,"retryReasons":[],"startAt":1789129585427,"status":"passed","title":"calculateHorizontalProjection 基本功能"},{"ancestorTitles":["投影直方图计算"],"duration":0,"failing":false,"failureDetails":[],"failureMessages":[],"fullName":"投影直方图计算 calculateVerticalProjection 基本功能","invocations":1,"location":null,"numPassingAsserts":3,"retryReasons":[],"startAt":1789129585428,"status":"passed","title":"calculateVerticalProjection 基本功能"},{"ancestorTitles":["投影直方图计算"],"duration":0,"failing":false,"failureDetails":[],"failureMessages":[],"fullName":"投影直方图计算 calculateHorizontalProjection 文本行图像","invocations":1,"location":null,"numPassingAsserts":5,"retryReasons":[],"startAt":1789129585428,"status":"passed","title":"calculateHorizontalProjection 文本行图像"},{"ancestorTitles":["方差计算"],"duration":0,"failing":false,"failureDetails":[],"failureMessages":[],"fullName":"方差计算 calculateProjectionVariance 均匀分布","invocations":1,"location":null,"numPassingAsserts":1,"retryReasons":[],"startAt":1789129585428,"status":"passed","title":"calculateProjectionVariance 均匀分布"},{"ancestorTitles":["方差计算"],"duration":1,"failing":false,"failureDetails":[],"failureMessages":[],"fullName":"方差计算 calculateProjectionVariance 有变化的分布","invocations":1,"location":null,"numPassingAsserts":1,"retryReasons":[],"startAt":1789129585428,"status":"passed","title":"calculateProjectionVariance 有变化的分布"},{"ancestorTitles":["方差计算"],"duration":0,"failing":false,"failureDetails":[],"failureMessages":[],"fullName":"方差计算 calculateProjectionVariance 空数组","invocations":1,"location":null,"numPassingAsserts":1,"retryReasons":[],"startAt":1789129585429,"status":"passed","title":"calculateProjectionVariance 空数组"},{"ancestorTitles":["方差计算"],"duration":0,"failing":false,"failureDetails":[],"failureMessages":[],"fullName":"方差计算 方差与峰谷分布的关系","invocations":1,"location":null,"numPassingAsserts":1,"retryReasons":[],"startAt":1789129585429,"status":"passed","title":"方差与峰谷分布的关系"},{"ancestorTitles":["双线性插值"],"duration":0,"failing":false,"failureDetails":[],"failureMessages":[],"fullName":"双线性插值 bilinearInterpolate 整数坐标","invocations":1,"location":null,"numPassingAsserts":1,"retryReasons":[],"startAt":1789129585429,"status":"passed","title":"bilinearInterpolate 整数坐标"},{"ancestorTitles":["双线性插值"],"duration":0,"failing":false,"failureDetails":[],"failureMessages":[],"fullName":"双线性插值 bilinearInterpolate 小数坐标","invocations":1,"location":null,"numPassingAsserts":1,"retryReasons":[],"startAt":1789129585429,"status":"passed","title":"bilinearInterpolate 小数坐标"},{"ancestorTitles":["双线性插值"],"duration":0,"failing":false,"failureDetails":[],"failureMessages":[],"fullName":"双线性插值 bilinearInterpolate 边缘过渡","invocations":1,"location":null,"numPassingAsserts":1,"retryReasons":[],"startAt":1789129585429,"status":"passed","title":"bilinearInterpolate 边缘过渡"},{"ancestorTitles":["图像旋转"],"duration":0,"failing":false,"failureDetails":[],"failureMessages":[],"fullName":"图像旋转 rotateImage 0度","invocations":1,"location":null,"numPassingAsserts":1,"retryReasons":[],"startAt":1789129585429,"status":"passed","title":"rotateImage 0度"},{"ancestorTitles":["图像旋转"],"duration":0,"failing":false,"failureDetails":[],"failureMessages":[],"fullName":"图像旋转 rotateImage 90度","invocations":1,"location":null,"numPassingAsserts":1,"retryReasons":[],"startAt":1789129585429,"status":"passed","title":"rotateImage 90度"},{"ancestorTitles":["图像旋转"],"duration":1,"failing":false,"failureDetails":[],"failureMessages":[],"fullName":"图像旋转 rotateImage 使用不同插值方法","invocations":1,"location":null,"numPassingAsserts":2,"retryReasons":[],"startAt":1789129585429,"status":"passed","title":"rotateImage 使用不同插值方法"},{"ancestorTitles":["图像旋转"],"duration":0,"failing":false,"failureDetails":[],"failureMessages":[],"fullName":"图像旋转 rotateImage 自定义背景色","invocations":1,"location":null,"numPassingAsserts":1,"retryReasons":[],"startAt":1789129585430,"status":"passed","title":"rotateImage 自定义背景色"},{"ancestorTitles":["倾斜检测"],"duration":14,"failing":false,"failureDetails":[],"failureMessages":[],"fullName":"倾斜检测 detectSkewAngle 水平文本","invocations":1,"location":null,"numPassingAsserts":1,"retryReasons":[],"startAt":1789129585430,"status":"passed","title":"detectSkewAngle 水平文本"},{"ancestorTitles":["倾斜检测"],"duration":32,"failing":false,"failureDetails":[],"failureMessages":[],"fullName":"倾斜检测 detectSkewAngle 返回方差","invocations":1,"location":null,"numPassingAsserts":3,"retryReasons":[],"startAt":1789129585444,"status":"passed","title":"detectSkewAngle 返回方差"},{"ancestorTitles":["倾斜检测"],"duration":43,"failing":false,"failureDetails":[],"failureMessages":[],"fullName":"倾斜检测 detectSkewAngle 细化搜索","invocations":1,"location":null,"numPassingAsserts":1,"retryReasons":[],"startAt":1789129585476,"status":"passed","title":"detectSkewAngle 细化搜索"},{"ancestorTitles":["完整倾斜校正"],"duration":33,"failing":false,"failureDetails":[],"failureMessages":[],"fullName":"完整倾斜校正 deskew 基本功能","invocations":1,"location":null,"numPassingAsserts":6,"retryReasons":[],"startAt":1789129585520,"status":"passed","title":"deskew 基本功能"},{"ancestorTitles":["完整倾斜校正"],"duration":34,"failing":false,"failureDetails":[],"failureMessages":[],"fullName":"完整倾斜校正 deskew 返回正确尺寸","invocations":1,"location":null,"numPassingAsserts":2,"retryReasons":[],"startAt":1789129585553,"status":"passed","title":"deskew 返回正确尺寸"},{"ancestorTitles":["边界情况"],"duration":0,"failing":false,"failureDetails":[],"failureMessages":[],"fullName":"边界情况 处理全黑图像","invocations":1,"location":null,"numPassingAsserts":1,"retryReasons":[],"startAt":1789129585587,"status":"passed","title":"处理全黑图像"},{"ancestorTitles":["边界情况"],"duration":0,"failing":false,"failureDetails":[],"failureMessages":[],"fullName":"边界情况 处理全白图像","invocations":1,"location":null,"numPassingAsserts":1,"retryReasons":[],"startAt":1789129585587,"status":"passed","title":"处理全白图像"},{"ancestorTitles":["边界情况"],"duration":1,"failing":false,"failureDetails":[],"failureMessages":[],"fullName":"边界情况 处理小图像","invocations":1,"location":null,"numPassingAsserts":1,"retryReasons":[],"startAt":1789129585587,"status":"passed","title":"处理小图像"}],"endTime":1789129585588,"message":"","name":"/Users/wuxiuran/project/ocr-learn-ai/shared/__tests__/deskewing.test.js","startTime":1789129585413,"status":"passed","summary":""},{"assertionResults":[{"ancestorTitles":["第14章：手写 MLP 的数学正确性"],"duration":0,"failing":false,"failureDetails":[],"failureMessages":[],"fullName":"第14章：手写 MLP 的数学正确性 极端 logit 的 sigmoid 和 BCE 保持有限，正负类别对称","invocations":1,"location":null,"numPassingAsserts":6,"retryReasons":[],"startAt":1789129585608,"status":"passed","title":"极端 logit 的 sigmoid 和 BCE 保持有限，正负类别对称"},{"ancestorTitles":["第14章：手写 MLP 的数学正确性"],"duration":0,"failing":false,"failureDetails":[],"failureMessages":[],"fullName":"第14章：手写 MLP 的数学正确性 无隐藏层的 logistic 梯度直接对照 p-y、(p-y)x","invocations":1,"location":null,"numPassingAsserts":3,"retryReasons":[],"startAt":1789129585609,"status":"passed","title":"无隐藏层的 logistic 梯度直接对照 p-y、(p-y)x"},{"ancestorTitles":["第14章：手写 MLP 的数学正确性"],"duration":1,"failing":false,"failureDetails":[],"failureMessages":[],"fullName":"第14章：手写 MLP 的数学正确性 完整单样本算例的前向、全部参数梯度、更新后损失","invocations":1,"location":null,"numPassingAsserts":7,"retryReasons":[],"startAt":1789129585609,"status":"passed","title":"完整单样本算例的前向、全部参数梯度、更新后损失"},{"ancestorTitles":["第14章：手写 MLP 的数学正确性"],"duration":1,"failing":false,"failureDetails":[],"failureMessages":[],"fullName":"第14章：手写 MLP 的数学正确性 多隐藏层 sigmoid 对所有参数做中心差分，检查不修改模型","invocations":1,"location":null,"numPassingAsserts":4,"retryReasons":[],"startAt":1789129585610,"status":"passed","title":"多隐藏层 sigmoid 对所有参数做中心差分，检查不修改模型"},{"ancestorTitles":["第14章：手写 MLP 的数学正确性"],"duration":1,"failing":false,"failureDetails":[],"failureMessages":[],"fullName":"第14章：手写 MLP 的数学正确性 多隐藏层 tanh 对所有参数做中心差分，检查不修改模型","invocations":1,"location":null,"numPassingAsserts":4,"retryReasons":[],"startAt":1789129585611,"status":"passed","title":"多隐藏层 tanh 对所有参数做中心差分，检查不修改模型"},{"ancestorTitles":["第14章：手写 MLP 的数学正确性"],"duration":0,"failing":false,"failureDetails":[],"failureMessages":[],"fullName":"第14章：手写 MLP 的数学正确性 多隐藏层 relu 对所有参数做中心差分，检查不修改模型","invocations":1,"location":null,"numPassingAsserts":4,"retryReasons":[],"startAt":1789129585613,"status":"passed","title":"多隐藏层 relu 对所有参数做中心差分，检查不修改模型"},{"ancestorTitles":["第14章：手写 MLP 的数学正确性"],"duration":1,"failing":false,"failureDetails":[],"failureMessages":[],"fullName":"第14章：手写 MLP 的数学正确性 对样本取平均；重复整个批次不改变损失和梯度","invocations":1,"location":null,"numPassingAsserts":18,"retryReasons":[],"startAt":1789129585613,"status":"passed","title":"对样本取平均；重复整个批次不改变损失和梯度"},{"ancestorTitles":["第14章：手写 MLP 的数学正确性"],"duration":1,"failing":false,"failureDetails":[],"failureMessages":[],"fullName":"第14章：手写 MLP 的数学正确性 下降一步确实减小同一个目标，backward 不修改参数","invocations":1,"location":null,"numPassingAsserts":2,"retryReasons":[],"startAt":1789129585614,"status":"passed","title":"下降一步确实减小同一个目标，backward 不修改参数"},{"ancestorTitles":["第14章：手写 MLP 的数学正确性"],"duration":144,"failing":false,"failureDetails":[],"failureMessages":[],"fullName":"第14章：手写 MLP 的数学正确性 XOR 是真实学习结果且相同种子完全复现","invocations":1,"location":null,"numPassingAsserts":5,"retryReasons":[],"startAt":1789129585615,"status":"passed","title":"XOR 是真实学习结果且相同种子完全复现"},{"ancestorTitles":["第14章：手写 MLP 的数学正确性"],"duration":0,"failing":false,"failureDetails":[],"failureMessages":[],"fullName":"第14章：手写 MLP 的数学正确性 ReLU 在零点使用约定的 0，sigmoid 的最大导数为 0.25","invocations":1,"location":null,"numPassingAsserts":4,"retryReasons":[],"startAt":1789129585760,"status":"passed","title":"ReLU 在零点使用约定的 0，sigmoid 的最大导数为 0.25"},{"ancestorTitles":["第14章：手写 MLP 的数学正确性"],"duration":8,"failing":false,"failureDetails":[],"failureMessages":[],"fullName":"第14章：手写 MLP 的数学正确性 更新异常时不会留下半更新状态","invocations":1,"location":null,"numPassingAsserts":2,"retryReasons":[],"startAt":1789129585760,"status":"passed","title":"更新异常时不会留下半更新状态"},{"ancestorTitles":["第14章：手写 MLP 的数学正确性"],"duration":1,"failing":false,"failureDetails":[],"failureMessages":[],"fullName":"第14章：手写 MLP 的数学正确性 拒绝无效输入 0","invocations":1,"location":null,"numPassingAsserts":1,"retryReasons":[],"startAt":1789129585768,"status":"passed","title":"拒绝无效输入 0"},{"ancestorTitles":["第14章：手写 MLP 的数学正确性"],"duration":0,"failing":false,"failureDetails":[],"failureMessages":[],"fullName":"第14章：手写 MLP 的数学正确性 拒绝无效输入 1","invocations":1,"location":null,"numPassingAsserts":1,"retryReasons":[],"startAt":1789129585769,"status":"passed","title":"拒绝无效输入 1"},{"ancestorTitles":["第14章：手写 MLP 的数学正确性"],"duration":2,"failing":false,"failureDetails":[],"failureMessages":[],"fullName":"第14章：手写 MLP 的数学正确性 拒绝无效输入 2","invocations":1,"location":null,"numPassingAsserts":1,"retryReasons":[],"startAt":1789129585769,"status":"passed","title":"拒绝无效输入 2"},{"ancestorTitles":["第14章：手写 MLP 的数学正确性"],"duration":0,"failing":false,"failureDetails":[],"failureMessages":[],"fullName":"第14章：手写 MLP 的数学正确性 拒绝无效输入 3","invocations":1,"location":null,"numPassingAsserts":1,"retryReasons":[],"startAt":1789129585771,"status":"passed","title":"拒绝无效输入 3"},{"ancestorTitles":["第14章：手写 MLP 的数学正确性"],"duration":1,"failing":false,"failureDetails":[],"failureMessages":[],"fullName":"第14章：手写 MLP 的数学正确性 拒绝无效输入 4","invocations":1,"location":null,"numPassingAsserts":1,"retryReasons":[],"startAt":1789129585771,"status":"passed","title":"拒绝无效输入 4"},{"ancestorTitles":["第14章：手写 MLP 的数学正确性"],"duration":0,"failing":false,"failureDetails":[],"failureMessages":[],"fullName":"第14章：手写 MLP 的数学正确性 拒绝无效输入 5","invocations":1,"location":null,"numPassingAsserts":1,"retryReasons":[],"startAt":1789129585772,"status":"passed","title":"拒绝无效输入 5"},{"ancestorTitles":["第14章：手写 MLP 的数学正确性"],"duration":0,"failing":false,"failureDetails":[],"failureMessages":[],"fullName":"第14章：手写 MLP 的数学正确性 拒绝无效输入 6","invocations":1,"location":null,"numPassingAsserts":1,"retryReasons":[],"startAt":1789129585772,"status":"passed","title":"拒绝无效输入 6"},{"ancestorTitles":["第14章：手写 MLP 的数学正确性"],"duration":1,"failing":false,"failureDetails":[],"failureMessages":[],"fullName":"第14章：手写 MLP 的数学正确性 拒绝无效输入 7","invocations":1,"location":null,"numPassingAsserts":1,"retryReasons":[],"startAt":1789129585772,"status":"passed","title":"拒绝无效输入 7"},{"ancestorTitles":["第14章：手写 MLP 的数学正确性"],"duration":0,"failing":false,"failureDetails":[],"failureMessages":[],"fullName":"第14章：手写 MLP 的数学正确性 拒绝无效输入 8","invocations":1,"location":null,"numPassingAsserts":1,"retryReasons":[],"startAt":1789129585773,"status":"passed","title":"拒绝无效输入 8"},{"ancestorTitles":["第14章：手写 MLP 的数学正确性"],"duration":0,"failing":false,"failureDetails":[],"failureMessages":[],"fullName":"第14章：手写 MLP 的数学正确性 拒绝无效输入 9","invocations":1,"location":null,"numPassingAsserts":1,"retryReasons":[],"startAt":1789129585773,"status":"passed","title":"拒绝无效输入 9"}],"endTime":1789129585773,"message":"","name":"/Users/wuxiuran/project/ocr-learn-ai/shared/__tests__/neuralNetworkBasics.test.js","startTime":1789129585592,"status":"passed","summary":""},{"assertionResults":[{"ancestorTitles":["normalizedCrossCorrelation"],"duration":0,"failing":false,"failureDetails":[],"failureMessages":[],"fullName":"normalizedCrossCorrelation 相同向量的相关系数应该为 1","invocations":1,"location":null,"numPassingAsserts":1,"retryReasons":[],"startAt":1789129585792,"status":"passed","title":"相同向量的相关系数应该为 1"},{"ancestorTitles":["normalizedCrossCorrelation"],"duration":0,"failing":false,"failureDetails":[],"failureMessages":[],"fullName":"normalizedCrossCorrelation 完全负相关的向量应该接近 -1","invocations":1,"location":null,"numPassingAsserts":1,"retryReasons":[],"startAt":1789129585792,"status":"passed","title":"完全负相关的向量应该接近 -1"},{"ancestorTitles":["normalizedCrossCorrelation"],"duration":0,"failing":false,"failureDetails":[],"failureMessages":[],"fullName":"normalizedCrossCorrelation 无相关的向量应该接近 0","invocations":1,"location":null,"numPassingAsserts":1,"retryReasons":[],"startAt":1789129585792,"status":"passed","title":"无相关的向量应该接近 0"},{"ancestorTitles":["normalizedCrossCorrelation"],"duration":1,"failing":false,"failureDetails":[],"failureMessages":[],"fullName":"normalizedCrossCorrelation 常量向量应该处理正确","invocations":1,"location":null,"numPassingAsserts":1,"retryReasons":[],"startAt":1789129585792,"status":"passed","title":"常量向量应该处理正确"},{"ancestorTitles":["normalizedCrossCorrelation"],"duration":9,"failing":false,"failureDetails":[],"failureMessages":[],"fullName":"normalizedCrossCorrelation 长度不一致应该抛出错误","invocations":1,"location":null,"numPassingAsserts":1,"retryReasons":[],"startAt":1789129585793,"status":"passed","title":"长度不一致应该抛出错误"},{"ancestorTitles":["calculateDistance"],"duration":1,"failing":false,"failureDetails":[],"failureMessages":[],"fullName":"calculateDistance 欧氏距离应该正确计算","invocations":1,"location":null,"numPassingAsserts":1,"retryReasons":[],"startAt":1789129585802,"status":"passed","title":"欧氏距离应该正确计算"},{"ancestorTitles":["calculateDistance"],"duration":0,"failing":false,"failureDetails":[],"failureMessages":[],"fullName":"calculateDistance 曼哈顿距离应该正确计算","invocations":1,"location":null,"numPassingAsserts":1,"retryReasons":[],"startAt":1789129585803,"status":"passed","title":"曼哈顿距离应该正确计算"},{"ancestorTitles":["calculateDistance"],"duration":0,"failing":false,"failureDetails":[],"failureMessages":[],"fullName":"calculateDistance 余弦距离应该正确计算","invocations":1,"location":null,"numPassingAsserts":2,"retryReasons":[],"startAt":1789129585803,"status":"passed","title":"余弦距离应该正确计算"},{"ancestorTitles":["calculateDistance"],"duration":0,"failing":false,"failureDetails":[],"failureMessages":[],"fullName":"calculateDistance 相关距离应该正确计算","invocations":1,"location":null,"numPassingAsserts":1,"retryReasons":[],"startAt":1789129585803,"status":"passed","title":"相关距离应该正确计算"},{"ancestorTitles":["calculateDistance"],"duration":0,"failing":false,"failureDetails":[],"failureMessages":[],"fullName":"calculateDistance 默认使用欧氏距离","invocations":1,"location":null,"numPassingAsserts":1,"retryReasons":[],"startAt":1789129585804,"status":"passed","title":"默认使用欧氏距离"},{"ancestorTitles":["createTemplate"],"duration":4,"failing":false,"failureDetails":[],"failureMessages":[],"fullName":"createTemplate 应该正确创建模板","invocations":1,"location":null,"numPassingAsserts":4,"retryReasons":[],"startAt":1789129585804,"status":"passed","title":"应该正确创建模板"},{"ancestorTitles":["createTemplate"],"duration":0,"failing":false,"failureDetails":[],"failureMessages":[],"fullName":"createTemplate 不同特征类型应该产生不同维度","invocations":1,"location":null,"numPassingAsserts":2,"retryReasons":[],"startAt":1789129585808,"status":"passed","title":"不同特征类型应该产生不同维度"},{"ancestorTitles":["createTemplate"],"duration":8,"failing":false,"failureDetails":[],"failureMessages":[],"fullName":"createTemplate 相同图像应该产生相同特征","invocations":1,"location":null,"numPassingAsserts":1,"retryReasons":[],"startAt":1789129585808,"status":"passed","title":"相同图像应该产生相同特征"},{"ancestorTitles":["buildTemplateLibrary"],"duration":9,"failing":false,"failureDetails":[],"failureMessages":[],"fullName":"buildTemplateLibrary 应该正确构建模板库","invocations":1,"location":null,"numPassingAsserts":3,"retryReasons":[],"startAt":1789129585816,"status":"passed","title":"应该正确构建模板库"},{"ancestorTitles":["buildTemplateLibrary"],"duration":0,"failing":false,"failureDetails":[],"failureMessages":[],"fullName":"buildTemplateLibrary 空样本应该返回空库","invocations":1,"location":null,"numPassingAsserts":1,"retryReasons":[],"startAt":1789129585825,"status":"passed","title":"空样本应该返回空库"},{"ancestorTitles":["matchTemplate"],"duration":3,"failing":false,"failureDetails":[],"failureMessages":[],"fullName":"matchTemplate 应该返回排序后的结果","invocations":1,"location":null,"numPassingAsserts":4,"retryReasons":[],"startAt":1789129585833,"status":"passed","title":"应该返回排序后的结果"},{"ancestorTitles":["matchTemplate"],"duration":2,"failing":false,"failureDetails":[],"failureMessages":[],"fullName":"matchTemplate 相同图像的距离应该最小","invocations":1,"location":null,"numPassingAsserts":2,"retryReasons":[],"startAt":1789129585836,"status":"passed","title":"相同图像的距离应该最小"},{"ancestorTitles":["calculateConfidence"],"duration":1,"failing":false,"failureDetails":[],"failureMessages":[],"fullName":"calculateConfidence 应该为每个结果添加置信度","invocations":1,"location":null,"numPassingAsserts":10,"retryReasons":[],"startAt":1789129585838,"status":"passed","title":"应该为每个结果添加置信度"},{"ancestorTitles":["calculateConfidence"],"duration":0,"failing":false,"failureDetails":[],"failureMessages":[],"fullName":"calculateConfidence Softmax 置信度总和应该为 1","invocations":1,"location":null,"numPassingAsserts":1,"retryReasons":[],"startAt":1789129585839,"status":"passed","title":"Softmax 置信度总和应该为 1"},{"ancestorTitles":["calculateConfidence"],"duration":0,"failing":false,"failureDetails":[],"failureMessages":[],"fullName":"calculateConfidence 距离最小的应该有最高置信度","invocations":1,"location":null,"numPassingAsserts":1,"retryReasons":[],"startAt":1789129585839,"status":"passed","title":"距离最小的应该有最高置信度"},{"ancestorTitles":["calculateConfidence"],"duration":0,"failing":false,"failureDetails":[],"failureMessages":[],"fullName":"calculateConfidence 空数组应该返回空数组","invocations":1,"location":null,"numPassingAsserts":1,"retryReasons":[],"startAt":1789129585839,"status":"passed","title":"空数组应该返回空数组"},{"ancestorTitles":["TemplateMatcher","基本操作"],"duration":0,"failing":false,"failureDetails":[],"failureMessages":[],"fullName":"TemplateMatcher 基本操作 应该能创建空的匹配器","invocations":1,"location":null,"numPassingAsserts":2,"retryReasons":[],"startAt":1789129585839,"status":"passed","title":"应该能创建空的匹配器"},{"ancestorTitles":["TemplateMatcher","基本操作"],"duration":0,"failing":false,"failureDetails":[],"failureMessages":[],"fullName":"TemplateMatcher 基本操作 应该能添加模板","invocations":1,"location":null,"numPassingAsserts":3,"retryReasons":[],"startAt":1789129585839,"status":"passed","title":"应该能添加模板"},{"ancestorTitles":["TemplateMatcher","基本操作"],"duration":3,"failing":false,"failureDetails":[],"failureMessages":[],"fullName":"TemplateMatcher 基本操作 应该能从图像添加模板","invocations":1,"location":null,"numPassingAsserts":1,"retryReasons":[],"startAt":1789129585839,"status":"passed","title":"应该能从图像添加模板"},{"ancestorTitles":["TemplateMatcher","基本操作"],"duration":0,"failing":false,"failureDetails":[],"failureMessages":[],"fullName":"TemplateMatcher 基本操作 应该能清空模板库","invocations":1,"location":null,"numPassingAsserts":1,"retryReasons":[],"startAt":1789129585842,"status":"passed","title":"应该能清空模板库"},{"ancestorTitles":["TemplateMatcher","基本操作"],"duration":0,"failing":false,"failureDetails":[],"failureMessages":[],"fullName":"TemplateMatcher 基本操作 应该能删除指定类别","invocations":1,"location":null,"numPassingAsserts":2,"retryReasons":[],"startAt":1789129585842,"status":"passed","title":"应该能删除指定类别"},{"ancestorTitles":["TemplateMatcher","识别功能"],"duration":3,"failing":false,"failureDetails":[],"failureMessages":[],"fullName":"TemplateMatcher 识别功能 应该正确识别相同图像","invocations":1,"location":null,"numPassingAsserts":3,"retryReasons":[],"startAt":1789129585850,"status":"passed","title":"应该正确识别相同图像"},{"ancestorTitles":["TemplateMatcher","识别功能"],"duration":3,"failing":false,"failureDetails":[],"failureMessages":[],"fullName":"TemplateMatcher 识别功能 应该返回候选结果","invocations":1,"location":null,"numPassingAsserts":2,"retryReasons":[],"startAt":1789129585853,"status":"passed","title":"应该返回候选结果"},{"ancestorTitles":["TemplateMatcher","识别功能"],"duration":0,"failing":false,"failureDetails":[],"failureMessages":[],"fullName":"TemplateMatcher 识别功能 空模板库应该拒绝识别","invocations":1,"location":null,"numPassingAsserts":2,"retryReasons":[],"startAt":1789129585856,"status":"passed","title":"空模板库应该拒绝识别"},{"ancestorTitles":["TemplateMatcher","拒绝阈值"],"duration":0,"failing":false,"failureDetails":[],"failureMessages":[],"fullName":"TemplateMatcher 拒绝阈值 超过阈值应该拒绝","invocations":1,"location":null,"numPassingAsserts":2,"retryReasons":[],"startAt":1789129585856,"status":"passed","title":"超过阈值应该拒绝"},{"ancestorTitles":["TemplateMatcher","拒绝阈值"],"duration":0,"failing":false,"failureDetails":[],"failureMessages":[],"fullName":"TemplateMatcher 拒绝阈值 不设阈值时不拒绝","invocations":1,"location":null,"numPassingAsserts":1,"retryReasons":[],"startAt":1789129585856,"status":"passed","title":"不设阈值时不拒绝"},{"ancestorTitles":["TemplateMatcher","导入导出"],"duration":0,"failing":false,"failureDetails":[],"failureMessages":[],"fullName":"TemplateMatcher 导入导出 应该能正确导出和导入","invocations":1,"location":null,"numPassingAsserts":2,"retryReasons":[],"startAt":1789129585856,"status":"passed","title":"应该能正确导出和导入"},{"ancestorTitles":["TemplateMatcher","批量识别"],"duration":13,"failing":false,"failureDetails":[],"failureMessages":[],"fullName":"TemplateMatcher 批量识别 应该能批量识别","invocations":1,"location":null,"numPassingAsserts":4,"retryReasons":[],"startAt":1789129585856,"status":"passed","title":"应该能批量识别"},{"ancestorTitles":["集成测试"],"duration":29,"failing":false,"failureDetails":[],"failureMessages":[],"fullName":"集成测试 完整的识别流程","invocations":1,"location":null,"numPassingAsserts":4,"retryReasons":[],"startAt":1789129585870,"status":"passed","title":"完整的识别流程"}],"endTime":1789129585900,"message":"","name":"/Users/wuxiuran/project/ocr-learn-ai/shared/__tests__/templateMatching.test.js","startTime":1789129585777,"status":"passed","summary":""},{"assertionResults":[{"ancestorTitles":["卷积核创建"],"duration":0,"failing":false,"failureDetails":[],"failureMessages":[],"fullName":"卷积核创建 createSobelKernelX 正确形状","invocations":1,"location":null,"numPassingAsserts":7,"retryReasons":[],"startAt":1789129585917,"status":"passed","title":"createSobelKernelX 正确形状"},{"ancestorTitles":["卷积核创建"],"duration":0,"failing":false,"failureDetails":[],"failureMessages":[],"fullName":"卷积核创建 createSobelKernelY 正确形状","invocations":1,"location":null,"numPassingAsserts":7,"retryReasons":[],"startAt":1789129585917,"status":"passed","title":"createSobelKernelY 正确形状"},{"ancestorTitles":["卷积核创建"],"duration":1,"failing":false,"failureDetails":[],"failureMessages":[],"fullName":"卷积核创建 createPrewittKernelX 正确形状","invocations":1,"location":null,"numPassingAsserts":7,"retryReasons":[],"startAt":1789129585917,"status":"passed","title":"createPrewittKernelX 正确形状"},{"ancestorTitles":["卷积核创建"],"duration":0,"failing":false,"failureDetails":[],"failureMessages":[],"fullName":"卷积核创建 createPrewittKernelY 正确形状","invocations":1,"location":null,"numPassingAsserts":7,"retryReasons":[],"startAt":1789129585918,"status":"passed","title":"createPrewittKernelY 正确形状"},{"ancestorTitles":["梯度计算"],"duration":2,"failing":false,"failureDetails":[],"failureMessages":[],"fullName":"梯度计算 computeGradient 返回正确结构","invocations":1,"location":null,"numPassingAsserts":6,"retryReasons":[],"startAt":1789129585918,"status":"passed","title":"computeGradient 返回正确结构"},{"ancestorTitles":["梯度计算"],"duration":1,"failing":false,"failureDetails":[],"failureMessages":[],"fullName":"梯度计算 computeGradient 检测垂直边缘","invocations":1,"location":null,"numPassingAsserts":2,"retryReasons":[],"startAt":1789129585920,"status":"passed","title":"computeGradient 检测垂直边缘"},{"ancestorTitles":["梯度计算"],"duration":1,"failing":false,"failureDetails":[],"failureMessages":[],"fullName":"梯度计算 computeGradient 梯度幅值","invocations":1,"location":null,"numPassingAsserts":2,"retryReasons":[],"startAt":1789129585921,"status":"passed","title":"computeGradient 梯度幅值"},{"ancestorTitles":["Sobel 边缘检测"],"duration":4,"failing":false,"failureDetails":[],"failureMessages":[],"fullName":"Sobel 边缘检测 sobelEdgeDetection 基本功能","invocations":1,"location":null,"numPassingAsserts":5,"retryReasons":[],"startAt":1789129585923,"status":"passed","title":"sobelEdgeDetection 基本功能"},{"ancestorTitles":["Sobel 边缘检测"],"duration":4,"failing":false,"failureDetails":[],"failureMessages":[],"fullName":"Sobel 边缘检测 sobelEdgeDetection 检测边缘","invocations":1,"location":null,"numPassingAsserts":1,"retryReasons":[],"startAt":1789129585927,"status":"passed","title":"sobelEdgeDetection 检测边缘"},{"ancestorTitles":["Sobel 边缘检测"],"duration":8,"failing":false,"failureDetails":[],"failureMessages":[],"fullName":"Sobel 边缘检测 sobelEdgeDetection 归一化","invocations":1,"location":null,"numPassingAsserts":1,"retryReasons":[],"startAt":1789129585931,"status":"passed","title":"sobelEdgeDetection 归一化"},{"ancestorTitles":["Prewitt 边缘检测"],"duration":4,"failing":false,"failureDetails":[],"failureMessages":[],"fullName":"Prewitt 边缘检测 prewittEdgeDetection 基本功能","invocations":1,"location":null,"numPassingAsserts":3,"retryReasons":[],"startAt":1789129585939,"status":"passed","title":"prewittEdgeDetection 基本功能"},{"ancestorTitles":["Prewitt 边缘检测"],"duration":8,"failing":false,"failureDetails":[],"failureMessages":[],"fullName":"Prewitt 边缘检测 prewittEdgeDetection 与 Sobel 类似结果","invocations":1,"location":null,"numPassingAsserts":2,"retryReasons":[],"startAt":1789129585943,"status":"passed","title":"prewittEdgeDetection 与 Sobel 类似结果"},{"ancestorTitles":["非极大值抑制"],"duration":0,"failing":false,"failureDetails":[],"failureMessages":[],"fullName":"非极大值抑制 nonMaxSuppression 细化边缘","invocations":1,"location":null,"numPassingAsserts":1,"retryReasons":[],"startAt":1789129585951,"status":"passed","title":"nonMaxSuppression 细化边缘"},{"ancestorTitles":["双阈值检测"],"duration":0,"failing":false,"failureDetails":[],"failureMessages":[],"fullName":"双阈值检测 doubleThreshold 分类正确","invocations":1,"location":null,"numPassingAsserts":5,"retryReasons":[],"startAt":1789129585951,"status":"passed","title":"doubleThreshold 分类正确"},{"ancestorTitles":["边缘连接"],"duration":1,"failing":false,"failureDetails":[],"failureMessages":[],"fullName":"边缘连接 hysteresisTracking 连接弱边缘","invocations":1,"location":null,"numPassingAsserts":3,"retryReasons":[],"startAt":1789129585951,"status":"passed","title":"hysteresisTracking 连接弱边缘"},{"ancestorTitles":["Canny 边缘检测"],"duration":10,"failing":false,"failureDetails":[],"failureMessages":[],"fullName":"Canny 边缘检测 cannyEdgeDetection 基本功能","invocations":1,"location":null,"numPassingAsserts":3,"retryReasons":[],"startAt":1789129585952,"status":"passed","title":"cannyEdgeDetection 基本功能"},{"ancestorTitles":["Canny 边缘检测"],"duration":11,"failing":false,"failureDetails":[],"failureMessages":[],"fullName":"Canny 边缘检测 cannyEdgeDetection 返回中间步骤","invocations":1,"location":null,"numPassingAsserts":5,"retryReasons":[],"startAt":1789129585962,"status":"passed","title":"cannyEdgeDetection 返回中间步骤"},{"ancestorTitles":["Canny 边缘检测"],"duration":10,"failing":false,"failureDetails":[],"failureMessages":[],"fullName":"Canny 边缘检测 cannyEdgeDetection 检测边缘","invocations":1,"location":null,"numPassingAsserts":1,"retryReasons":[],"startAt":1789129585973,"status":"passed","title":"cannyEdgeDetection 检测边缘"},{"ancestorTitles":["Canny 边缘检测"],"duration":20,"failing":false,"failureDetails":[],"failureMessages":[],"fullName":"Canny 边缘检测 cannyEdgeDetection 参数调整","invocations":1,"location":null,"numPassingAsserts":1,"retryReasons":[],"startAt":1789129585983,"status":"passed","title":"cannyEdgeDetection 参数调整"},{"ancestorTitles":["Canny 边缘检测"],"duration":16,"failing":false,"failureDetails":[],"failureMessages":[],"fullName":"Canny 边缘检测 cannyEdgeDetection 高斯参数","invocations":1,"location":null,"numPassingAsserts":2,"retryReasons":[],"startAt":1789129586003,"status":"passed","title":"cannyEdgeDetection 高斯参数"},{"ancestorTitles":["边界情况"],"duration":2,"failing":false,"failureDetails":[],"failureMessages":[],"fullName":"边界情况 处理全黑图像","invocations":1,"location":null,"numPassingAsserts":1,"retryReasons":[],"startAt":1789129586019,"status":"passed","title":"处理全黑图像"},{"ancestorTitles":["边界情况"],"duration":1,"failing":false,"failureDetails":[],"failureMessages":[],"fullName":"边界情况 处理全白图像","invocations":1,"location":null,"numPassingAsserts":1,"retryReasons":[],"startAt":1789129586021,"status":"passed","title":"处理全白图像"},{"ancestorTitles":["边界情况"],"duration":0,"failing":false,"failureDetails":[],"failureMessages":[],"fullName":"边界情况 处理小图像","invocations":1,"location":null,"numPassingAsserts":1,"retryReasons":[],"startAt":1789129586022,"status":"passed","title":"处理小图像"}],"endTime":1789129586022,"message":"","name":"/Users/wuxiuran/project/ocr-learn-ai/shared/__tests__/edgeDetection.test.js","startTime":1789129585903,"status":"passed","summary":""},{"assertionResults":[{"ancestorTitles":["照片数字串 pipeline"],"duration":22,"failing":false,"failureDetails":[],"failureMessages":[],"fullName":"照片数字串 pipeline 积分图均值阈值与第04章朴素算法在边缘及不同窗口一致","invocations":1,"location":null,"numPassingAsserts":3,"retryReasons":[],"startAt":1789129586038,"status":"passed","title":"积分图均值阈值与第04章朴素算法在边缘及不同窗口一致"},{"ancestorTitles":["照片数字串 pipeline"],"duration":10,"failing":false,"failureDetails":[],"failureMessages":[],"fullName":"照片数字串 pipeline 数字上下断笔仍按同一列投影区域分组，孤立噪点被去除","invocations":1,"location":null,"numPassingAsserts":2,"retryReasons":[],"startAt":1789129586061,"status":"passed","title":"数字上下断笔仍按同一列投影区域分组，孤立噪点被去除"},{"ancestorTitles":["照片数字串 pipeline"],"duration":14,"failing":false,"failureDetails":[],"failureMessages":[],"fullName":"照片数字串 pipeline 完整流程保留前导零和连续重复数字；预测器不接收答案","invocations":1,"location":null,"numPassingAsserts":4,"retryReasons":[],"startAt":1789129586071,"status":"passed","title":"完整流程保留前导零和连续重复数字；预测器不接收答案"},{"ancestorTitles":["照片数字串 pipeline"],"duration":2,"failing":false,"failureDetails":[],"failureMessages":[],"fullName":"照片数字串 pipeline 白纸和透明底图不调用分类器","invocations":1,"location":null,"numPassingAsserts":5,"retryReasons":[],"startAt":1789129586086,"status":"passed","title":"白纸和透明底图不调用分类器"},{"ancestorTitles":["照片数字串 pipeline"],"duration":36,"failing":false,"failureDetails":[],"failureMessages":[],"fullName":"照片数字串 pipeline 施加已知相反校正角后，倾斜行仍分成五个数字","invocations":1,"location":null,"numPassingAsserts":7,"retryReasons":[],"startAt":1789129586088,"status":"passed","title":"施加已知相反校正角后，倾斜行仍分成五个数字"},{"ancestorTitles":["照片数字串 pipeline"],"duration":18,"failing":false,"failureDetails":[],"failureMessages":[],"fullName":"照片数字串 pipeline 校验图像、窗口和预测器结果，错误不伪造成数字","invocations":1,"location":null,"numPassingAsserts":3,"retryReasons":[],"startAt":1789129586124,"status":"passed","title":"校验图像、窗口和预测器结果，错误不伪造成数字"}],"endTime":1789129586145,"message":"","name":"/Users/wuxiuran/project/ocr-learn-ai/shared/__tests__/ocrEngine.test.js","startTime":1789129586026,"status":"passed","summary":""},{"assertionResults":[{"ancestorTitles":["Levenshtein 最小距离和完整对齐"],"duration":0,"failing":false,"failureDetails":[],"failureMessages":[],"fullName":"Levenshtein 最小距离和完整对齐 \"1203\" → \"123\" 的 S/D/I","invocations":1,"location":null,"numPassingAsserts":3,"retryReasons":[],"startAt":1789129586163,"status":"passed","title":"\"1203\" → \"123\" 的 S/D/I"},{"ancestorTitles":["Levenshtein 最小距离和完整对齐"],"duration":1,"failing":false,"failureDetails":[],"failureMessages":[],"fullName":"Levenshtein 最小距离和完整对齐 \"12\" → \"122\" 的 S/D/I","invocations":1,"location":null,"numPassingAsserts":3,"retryReasons":[],"startAt":1789129586163,"status":"passed","title":"\"12\" → \"122\" 的 S/D/I"},{"ancestorTitles":["Levenshtein 最小距离和完整对齐"],"duration":0,"failing":false,"failureDetails":[],"failureMessages":[],"fullName":"Levenshtein 最小距离和完整对齐 \"12\" → \"19\" 的 S/D/I","invocations":1,"location":null,"numPassingAsserts":3,"retryReasons":[],"startAt":1789129586164,"status":"passed","title":"\"12\" → \"19\" 的 S/D/I"},{"ancestorTitles":["Levenshtein 最小距离和完整对齐"],"duration":0,"failing":false,"failureDetails":[],"failureMessages":[],"fullName":"Levenshtein 最小距离和完整对齐 \"305\" → \"\" 的 S/D/I","invocations":1,"location":null,"numPassingAsserts":3,"retryReasons":[],"startAt":1789129586164,"status":"passed","title":"\"305\" → \"\" 的 S/D/I"},{"ancestorTitles":["Levenshtein 最小距离和完整对齐"],"duration":0,"failing":false,"failureDetails":[],"failureMessages":[],"fullName":"Levenshtein 最小距离和完整对齐 \"\" → \"007\" 的 S/D/I","invocations":1,"location":null,"numPassingAsserts":3,"retryReasons":[],"startAt":1789129586164,"status":"passed","title":"\"\" → \"007\" 的 S/D/I"},{"ancestorTitles":["Levenshtein 最小距离和完整对齐"],"duration":0,"failing":false,"failureDetails":[],"failureMessages":[],"fullName":"Levenshtein 最小距离和完整对齐 \"\" → \"\" 的 S/D/I","invocations":1,"location":null,"numPassingAsserts":3,"retryReasons":[],"startAt":1789129586164,"status":"passed","title":"\"\" → \"\" 的 S/D/I"},{"ancestorTitles":["Levenshtein 最小距离和完整对齐"],"duration":1,"failing":false,"failureDetails":[],"failureMessages":[],"fullName":"Levenshtein 最小距离和完整对齐 \"00110\" → \"00110\" 的 S/D/I","invocations":1,"location":null,"numPassingAsserts":3,"retryReasons":[],"startAt":1789129586164,"status":"passed","title":"\"00110\" → \"00110\" 的 S/D/I"},{"ancestorTitles":["Levenshtein 最小距离和完整对齐"],"duration":0,"failing":false,"failureDetails":[],"failureMessages":[],"fullName":"Levenshtein 最小距离和完整对齐 \"00110\" → \"0110\" 的 S/D/I","invocations":1,"location":null,"numPassingAsserts":3,"retryReasons":[],"startAt":1789129586165,"status":"passed","title":"\"00110\" → \"0110\" 的 S/D/I"},{"ancestorTitles":["Levenshtein 最小距离和完整对齐"],"duration":0,"failing":false,"failureDetails":[],"failureMessages":[],"fullName":"Levenshtein 最小距离和完整对齐 \"1\" → \"1111\" 的 S/D/I","invocations":1,"location":null,"numPassingAsserts":3,"retryReasons":[],"startAt":1789129586165,"status":"passed","title":"\"1\" → \"1111\" 的 S/D/I"},{"ancestorTitles":["Levenshtein 最小距离和完整对齐"],"duration":0,"failing":false,"failureDetails":[],"failureMessages":[],"fullName":"Levenshtein 最小距离和完整对齐 \"kitten\" → \"sitting\" 的 S/D/I","invocations":1,"location":null,"numPassingAsserts":3,"retryReasons":[],"startAt":1789129586165,"status":"passed","title":"\"kitten\" → \"sitting\" 的 S/D/I"},{"ancestorTitles":["Levenshtein 最小距离和完整对齐"],"duration":0,"failing":false,"failureDetails":[],"failureMessages":[],"fullName":"Levenshtein 最小距离和完整对齐 \"🔢1\" → \"🔢2\" 的 S/D/I","invocations":1,"location":null,"numPassingAsserts":3,"retryReasons":[],"startAt":1789129586165,"status":"passed","title":"\"🔢1\" → \"🔢2\" 的 S/D/I"},{"ancestorTitles":["Levenshtein 最小距离和完整对齐"],"duration":0,"failing":false,"failureDetails":[],"failureMessages":[],"fullName":"Levenshtein 最小距离和完整对齐 回溯平局先替换，12 → 21 固定为两次替换","invocations":1,"location":null,"numPassingAsserts":1,"retryReasons":[],"startAt":1789129586165,"status":"passed","title":"回溯平局先替换，12 → 21 固定为两次替换"},{"ancestorTitles":["Levenshtein 最小距离和完整对齐"],"duration":1,"failing":false,"failureDetails":[],"failureMessages":[],"fullName":"Levenshtein 最小距离和完整对齐 对角线非最优而删除与插入平局时，回溯优先删除","invocations":1,"location":null,"numPassingAsserts":3,"retryReasons":[],"startAt":1789129586165,"status":"passed","title":"对角线非最优而删除与插入平局时，回溯优先删除"},{"ancestorTitles":["Levenshtein 最小距离和完整对齐"],"duration":0,"failing":false,"failureDetails":[],"failureMessages":[],"fullName":"Levenshtein 最小距离和完整对齐 重复字符先从尾部匹配，固定删除第一个0","invocations":1,"location":null,"numPassingAsserts":2,"retryReasons":[],"startAt":1789129586166,"status":"passed","title":"重复字符先从尾部匹配，固定删除第一个0"},{"ancestorTitles":["Levenshtein 最小距离和完整对齐"],"duration":0,"failing":false,"failureDetails":[],"failureMessages":[],"fullName":"Levenshtein 最小距离和完整对齐 对齐坐标是码点索引，字面连字符不是缺口，大小写/空白不归一化","invocations":1,"location":null,"numPassingAsserts":3,"retryReasons":[],"startAt":1789129586166,"status":"passed","title":"对齐坐标是码点索引，字面连字符不是缺口，大小写/空白不归一化"},{"ancestorTitles":["Levenshtein 最小距离和完整对齐"],"duration":0,"failing":false,"failureDetails":[],"failureMessages":[],"fullName":"Levenshtein 最小距离和完整对齐 表的维度、初始化与独立手算结果一致","invocations":1,"location":null,"numPassingAsserts":1,"retryReasons":[],"startAt":1789129586166,"status":"passed","title":"表的维度、初始化与独立手算结果一致"},{"ancestorTitles":["Levenshtein 最小距离和完整对齐"],"duration":60,"failing":false,"failureDetails":[],"failureMessages":[],"fullName":"Levenshtein 最小距离和完整对齐 短二进制串穷举与独立图最短路参考值一致，并能按操作重建两端","invocations":1,"location":null,"numPassingAsserts":3333,"retryReasons":[],"startAt":1789129586166,"status":"passed","title":"短二进制串穷举与独立图最短路参考值一致，并能按操作重建两端"},{"ancestorTitles":["Levenshtein 最小距离和完整对齐"],"duration":12,"failing":false,"failureDetails":[],"failureMessages":[],"fullName":"Levenshtein 最小距离和完整对齐 拒绝非字符串和超过教学内存上限的输入","invocations":1,"location":null,"numPassingAsserts":3,"retryReasons":[],"startAt":1789129586226,"status":"passed","title":"拒绝非字符串和超过教学内存上限的输入"},{"ancestorTitles":["独立数字串评估与分母"],"duration":0,"failing":false,"failureDetails":[],"failureMessages":[],"fullName":"独立数字串评估与分母 聚合microCER而非逐图均值，整串按照片计数","invocations":1,"location":null,"numPassingAsserts":4,"retryReasons":[],"startAt":1789129586238,"status":"passed","title":"聚合microCER而非逐图均值，整串按照片计数"},{"ancestorTitles":["独立数字串评估与分母"],"duration":1,"failing":false,"failureDetails":[],"failureMessages":[],"fullName":"独立数字串评估与分母 失败、空预测、前导零、重复数字及CER大于100%","invocations":1,"location":null,"numPassingAsserts":5,"retryReasons":[],"startAt":1789129586238,"status":"passed","title":"失败、空预测、前导零、重复数字及CER大于100%"},{"ancestorTitles":["独立数字串评估与分母"],"duration":0,"failing":false,"failureDetails":[],"failureMessages":[],"fullName":"独立数字串评估与分母 无标签三种形式均待标注；排除优先且保留理由、原始记录和元数据","invocations":1,"location":null,"numPassingAsserts":3,"retryReasons":[],"startAt":1789129586239,"status":"passed","title":"无标签三种形式均待标注；排除优先且保留理由、原始记录和元数据"},{"ancestorTitles":["独立数字串评估与分母"],"duration":0,"failing":false,"failureDetails":[],"failureMessages":[],"fullName":"独立数字串评估与分母 空数组无分母为null；JSON可序列化且不产生NaN","invocations":1,"location":null,"numPassingAsserts":2,"retryReasons":[],"startAt":1789129586239,"status":"passed","title":"空数组无分母为null；JSON可序列化且不产生NaN"},{"ancestorTitles":["独立数字串评估与分母"],"duration":0,"failing":false,"failureDetails":[],"failureMessages":[],"fullName":"独立数字串评估与分母 status不会替代字符串比较；部分失败保留部分原始预测","invocations":1,"location":null,"numPassingAsserts":2,"retryReasons":[],"startAt":1789129586239,"status":"passed","title":"status不会替代字符串比较；部分失败保留部分原始预测"},{"ancestorTitles":["独立数字串评估与分母"],"duration":1,"failing":false,"failureDetails":[],"failureMessages":[],"fullName":"独立数字串评估与分母 数字真值、预测不强制转数字，不清理空白或非数字幻觉","invocations":1,"location":null,"numPassingAsserts":2,"retryReasons":[],"startAt":1789129586239,"status":"passed","title":"数字真值、预测不强制转数字，不清理空白或非数字幻觉"},{"ancestorTitles":["独立数字串评估与分母"],"duration":0,"failing":false,"failureDetails":[],"failureMessages":[],"fullName":"独立数字串评估与分母 逐图S/D/I之和等于聚合，样本三种去向互斥且完整","invocations":1,"location":null,"numPassingAsserts":4,"retryReasons":[],"startAt":1789129586240,"status":"passed","title":"逐图S/D/I之和等于聚合，样本三种去向互斥且完整"},{"ancestorTitles":["独立数字串评估与分母"],"duration":0,"failing":false,"failureDetails":[],"failureMessages":[],"fullName":"独立数字串评估与分母 拒绝无效记录 null","invocations":1,"location":null,"numPassingAsserts":1,"retryReasons":[],"startAt":1789129586240,"status":"passed","title":"拒绝无效记录 null"},{"ancestorTitles":["独立数字串评估与分母"],"duration":0,"failing":false,"failureDetails":[],"failureMessages":[],"fullName":"独立数字串评估与分母 拒绝无效记录 {}","invocations":1,"location":null,"numPassingAsserts":1,"retryReasons":[],"startAt":1789129586240,"status":"passed","title":"拒绝无效记录 {}"},{"ancestorTitles":["独立数字串评估与分母"],"duration":0,"failing":false,"failureDetails":[],"failureMessages":[],"fullName":"独立数字串评估与分母 拒绝无效记录 [null]","invocations":1,"location":null,"numPassingAsserts":1,"retryReasons":[],"startAt":1789129586240,"status":"passed","title":"拒绝无效记录 [null]"},{"ancestorTitles":["独立数字串评估与分母"],"duration":0,"failing":false,"failureDetails":[],"failureMessages":[],"fullName":"独立数字串评估与分母 拒绝无效记录 [null]","invocations":1,"location":null,"numPassingAsserts":1,"retryReasons":[],"startAt":1789129586241,"status":"passed","title":"拒绝无效记录 [null]"},{"ancestorTitles":["独立数字串评估与分母"],"duration":0,"failing":false,"failureDetails":[],"failureMessages":[],"fullName":"独立数字串评估与分母 拒绝无效记录 [{\"truth\":110}]","invocations":1,"location":null,"numPassingAsserts":1,"retryReasons":[],"startAt":1789129586241,"status":"passed","title":"拒绝无效记录 [{\"truth\":110}]"},{"ancestorTitles":["独立数字串评估与分母"],"duration":0,"failing":false,"failureDetails":[],"failureMessages":[],"fullName":"独立数字串评估与分母 拒绝无效记录 [{\"truth\":\" 12\"}]","invocations":1,"location":null,"numPassingAsserts":1,"retryReasons":[],"startAt":1789129586241,"status":"passed","title":"拒绝无效记录 [{\"truth\":\" 12\"}]"},{"ancestorTitles":["独立数字串评估与分母"],"duration":0,"failing":false,"failureDetails":[],"failureMessages":[],"fullName":"独立数字串评估与分母 拒绝无效记录 [{\"truth\":\"１２\"}]","invocations":1,"location":null,"numPassingAsserts":1,"retryReasons":[],"startAt":1789129586241,"status":"passed","title":"拒绝无效记录 [{\"truth\":\"１２\"}]"},{"ancestorTitles":["独立数字串评估与分母"],"duration":0,"failing":false,"failureDetails":[],"failureMessages":[],"fullName":"独立数字串评估与分母 拒绝无效记录 [{\"prediction\":12}]","invocations":1,"location":null,"numPassingAsserts":1,"retryReasons":[],"startAt":1789129586241,"status":"passed","title":"拒绝无效记录 [{\"prediction\":12}]"},{"ancestorTitles":["独立数字串评估与分母"],"duration":1,"failing":false,"failureDetails":[],"failureMessages":[],"fullName":"独立数字串评估与分母 拒绝无效记录 [{\"status\":null}]","invocations":1,"location":null,"numPassingAsserts":1,"retryReasons":[],"startAt":1789129586241,"status":"passed","title":"拒绝无效记录 [{\"status\":null}]"},{"ancestorTitles":["独立数字串评估与分母"],"duration":0,"failing":false,"failureDetails":[],"failureMessages":[],"fullName":"独立数字串评估与分母 拒绝无效记录 [{\"exclusionReason\":true}]","invocations":1,"location":null,"numPassingAsserts":1,"retryReasons":[],"startAt":1789129586242,"status":"passed","title":"拒绝无效记录 [{\"exclusionReason\":true}]"},{"ancestorTitles":["独立数字串评估与分母"],"duration":0,"failing":false,"failureDetails":[],"failureMessages":[],"fullName":"独立数字串评估与分母 拒绝无效记录 [{\"id\":null}]","invocations":1,"location":null,"numPassingAsserts":1,"retryReasons":[],"startAt":1789129586242,"status":"passed","title":"拒绝无效记录 [{\"id\":null}]"},{"ancestorTitles":["WER和有明确限制的bigram词典实验"],"duration":0,"failing":false,"failureDetails":[],"failureMessages":[],"fullName":"WER和有明确限制的bigram词典实验 WER用词作单位，不是空格数字的CER","invocations":1,"location":null,"numPassingAsserts":4,"retryReasons":[],"startAt":1789129586242,"status":"passed","title":"WER用词作单位，不是空格数字的CER"},{"ancestorTitles":["WER和有明确限制的bigram词典实验"],"duration":1,"failing":false,"failureDetails":[],"failureMessages":[],"fullName":"WER和有明确限制的bigram词典实验 add-one数值可复核：7种后继词，the后book=3/10、back=2/10","invocations":1,"location":null,"numPassingAsserts":7,"retryReasons":[],"startAt":1789129586242,"status":"passed","title":"add-one数值可复核：7种后继词，the后book=3/10、back=2/10"},{"ancestorTitles":["WER和有明确限制的bigram词典实验"],"duration":0,"failing":false,"failureDetails":[],"failureMessages":[],"fullName":"WER和有明确限制的bigram词典实验 同编辑距离候选可被上下文重排，禁用语言权重恢复字典序","invocations":1,"location":null,"numPassingAsserts":4,"retryReasons":[],"startAt":1789129586243,"status":"passed","title":"同编辑距离候选可被上下文重排，禁用语言权重恢复字典序"},{"ancestorTitles":["WER和有明确限制的bigram词典实验"],"duration":0,"failing":false,"failureDetails":[],"failureMessages":[],"fullName":"WER和有明确限制的bigram词典实验 检查接口暴露实际计数和归一化项；改变alpha有可解释结果","invocations":1,"location":null,"numPassingAsserts":4,"retryReasons":[],"startAt":1789129586243,"status":"passed","title":"检查接口暴露实际计数和归一化项；改变alpha有可解释结果"},{"ancestorTitles":["WER和有明确限制的bigram词典实验"],"duration":0,"failing":false,"failureDetails":[],"failureMessages":[],"fullName":"WER和有明确限制的bigram词典实验 保护任意数字和词典内单词，候选不可用时不编造","invocations":1,"location":null,"numPassingAsserts":5,"retryReasons":[],"startAt":1789129586244,"status":"passed","title":"保护任意数字和词典内单词，候选不可用时不编造"},{"ancestorTitles":["WER和有明确限制的bigram词典实验"],"duration":1,"failing":false,"failureDetails":[],"failureMessages":[],"fullName":"WER和有明确限制的bigram词典实验 非法语料、平滑、字典和评分参数均报错","invocations":1,"location":null,"numPassingAsserts":8,"retryReasons":[],"startAt":1789129586244,"status":"passed","title":"非法语料、平滑、字典和评分参数均报错"},{"ancestorTitles":["置信度拒识保留分母"],"duration":0,"failing":false,"failureDetails":[],"failureMessages":[],"fullName":"置信度拒识保留分母 整串拒识保留原预测，等于阈值允许通过","invocations":1,"location":null,"numPassingAsserts":3,"retryReasons":[],"startAt":1789129586245,"status":"passed","title":"整串拒识保留原预测，等于阈值允许通过"},{"ancestorTitles":["置信度拒识保留分母"],"duration":1,"failing":false,"failureDetails":[],"failureMessages":[],"fullName":"置信度拒识保留分母 拒识后CER从1/5变为3/5，照片分母仍为2","invocations":1,"location":null,"numPassingAsserts":3,"retryReasons":[],"startAt":1789129586245,"status":"passed","title":"拒识后CER从1/5变为3/5，照片分母仍为2"},{"ancestorTitles":["置信度拒识保留分母"],"duration":1,"failing":false,"failureDetails":[],"failureMessages":[],"fullName":"置信度拒识保留分母 高模型得分也可能错误","invocations":1,"location":null,"numPassingAsserts":1,"retryReasons":[],"startAt":1789129586246,"status":"passed","title":"高模型得分也可能错误"},{"ancestorTitles":["置信度拒识保留分母"],"duration":1,"failing":false,"failureDetails":[],"failureMessages":[],"fullName":"置信度拒识保留分母 拒绝错误维度、非概率、稀疏分数和无效阈值","invocations":1,"location":null,"numPassingAsserts":5,"retryReasons":[],"startAt":1789129586247,"status":"passed","title":"拒绝错误维度、非概率、稀疏分数和无效阈值"}],"endTime":1789129586248,"message":"","name":"/Users/wuxiuran/project/ocr-learn-ai/shared/__tests__/postProcessing.test.js","startTime":1789129586148,"status":"passed","summary":""},{"assertionResults":[{"ancestorTitles":["21 Attention: independently check arithmetic, masks and reverse derivatives"],"duration":1,"failing":false,"failureDetails":[],"failureMessages":[],"fullName":"21 Attention: independently check arithmetic, masks and reverse derivatives known softmax and rectangular matrix product","invocations":1,"location":null,"numPassingAsserts":3,"retryReasons":[],"startAt":1789129586263,"status":"passed","title":"known softmax and rectangular matrix product"},{"ancestorTitles":["21 Attention: independently check arithmetic, masks and reverse derivatives"],"duration":0,"failing":false,"failureDetails":[],"failureMessages":[],"fullName":"21 Attention: independently check arithmetic, masks and reverse derivatives non-square cross attention: weights sum to one and weighted values match by hand","invocations":1,"location":null,"numPassingAsserts":3,"retryReasons":[],"startAt":1789129586264,"status":"passed","title":"non-square cross attention: weights sum to one and weighted values match by hand"},{"ancestorTitles":["21 Attention: independently check arithmetic, masks and reverse derivatives"],"duration":1,"failing":false,"failureDetails":[],"failureMessages":[],"fullName":"21 Attention: independently check arithmetic, masks and reverse derivatives temperature changes distribution and causal mask zeros forbidden keys","invocations":1,"location":null,"numPassingAsserts":4,"retryReasons":[],"startAt":1789129586264,"status":"passed","title":"temperature changes distribution and causal mask zeros forbidden keys"},{"ancestorTitles":["21 Attention: independently check arithmetic, masks and reverse derivatives"],"duration":0,"failing":false,"failureDetails":[],"failureMessages":[],"fullName":"21 Attention: independently check arithmetic, masks and reverse derivatives causal future K/V perturbation cannot alter preceding output","invocations":1,"location":null,"numPassingAsserts":1,"retryReasons":[],"startAt":1789129586265,"status":"passed","title":"causal future K/V perturbation cannot alter preceding output"},{"ancestorTitles":["21 Attention: independently check arithmetic, masks and reverse derivatives"],"duration":2,"failing":false,"failureDetails":[],"failureMessages":[],"fullName":"21 Attention: independently check arithmetic, masks and reverse derivatives Q/K/V gradients match central differences, masked=false","invocations":1,"location":null,"numPassingAsserts":14,"retryReasons":[],"startAt":1789129586265,"status":"passed","title":"Q/K/V gradients match central differences, masked=false"},{"ancestorTitles":["21 Attention: independently check arithmetic, masks and reverse derivatives"],"duration":1,"failing":false,"failureDetails":[],"failureMessages":[],"fullName":"21 Attention: independently check arithmetic, masks and reverse derivatives Q/K/V gradients match central differences, masked=true","invocations":1,"location":null,"numPassingAsserts":14,"retryReasons":[],"startAt":1789129586267,"status":"passed","title":"Q/K/V gradients match central differences, masked=true"},{"ancestorTitles":["21 Attention: independently check arithmetic, masks and reverse derivatives"],"duration":1,"failing":false,"failureDetails":[],"failureMessages":[],"fullName":"21 Attention: independently check arithmetic, masks and reverse derivatives additive attention uses a tanh hidden score and supports different query/key widths","invocations":1,"location":null,"numPassingAsserts":1,"retryReasons":[],"startAt":1789129586268,"status":"passed","title":"additive attention uses a tanh hidden score and supports different query/key widths"},{"ancestorTitles":["21 Attention: independently check arithmetic, masks and reverse derivatives"],"duration":17,"failing":false,"failureDetails":[],"failureMessages":[],"fullName":"21 Attention: independently check arithmetic, masks and reverse derivatives query-only optimization measurably reduces objective, deterministic","invocations":1,"location":null,"numPassingAsserts":3,"retryReasons":[],"startAt":1789129586269,"status":"passed","title":"query-only optimization measurably reduces objective, deterministic"},{"ancestorTitles":["21 Attention: independently check arithmetic, masks and reverse derivatives"],"duration":9,"failing":false,"failureDetails":[],"failureMessages":[],"fullName":"21 Attention: independently check arithmetic, masks and reverse derivatives rejects malformed inputs, fully masked rows and numerical overflow","invocations":1,"location":null,"numPassingAsserts":9,"retryReasons":[],"startAt":1789129586286,"status":"passed","title":"rejects malformed inputs, fully masked rows and numerical overflow"},{"ancestorTitles":["21 Attention: independently check arithmetic, masks and reverse derivatives"],"duration":1,"failing":false,"failureDetails":[],"failureMessages":[],"fullName":"21 Attention: independently check arithmetic, masks and reverse derivatives missing entries cannot become implicit masked positions or softmax probabilities","invocations":1,"location":null,"numPassingAsserts":4,"retryReasons":[],"startAt":1789129586295,"status":"passed","title":"missing entries cannot become implicit masked positions or softmax probabilities"},{"ancestorTitles":["21 Attention: independently check arithmetic, masks and reverse derivatives"],"duration":0,"failing":false,"failureDetails":[],"fail
[...]
mPassingAsserts":1,"retryReasons":[],"startAt":1789129586890,"status":"passed","title":"createImageData 指定颜色"},{"ancestorTitles":["图像数据操作"],"duration":1,"failing":false,"failureDetails":[],"failureMessages":[],"fullName":"图像数据操作 createImageData 默认白色","invocations":1,"location":null,"numPassingAsserts":1,"retryReasons":[],"startAt":1789129586890,"status":"passed","title":"createImageData 默认白色"},{"ancestorTitles":["像素遍历函数"],"duration":0,"failing":false,"failureDetails":[],"failureMessages":[],"fullName":"像素遍历函数 forEachPixel 遍历所有像素","invocations":1,"location":null,"numPassingAsserts":3,"retryReasons":[],"startAt":1789129586891,"status":"passed","title":"forEachPixel 遍历所有像素"},{"ancestorTitles":["像素遍历函数"],"duration":0,"failing":false,"failureDetails":[],"failureMessages":[],"fullName":"像素遍历函数 forEachPixel 不返回值时保持原像素","invocations":1,"location":null,"numPassingAsserts":1,"retryReasons":[],"startAt":1789129586891,"status":"passed","title":"forEachPixel 不返回值时保持原像素"},{"ancestorTitles":["像素遍历函数"],"duration":0,"failing":false,"failureDetails":[],"failureMessages":[],"fullName":"像素遍历函数 forEachPixelXY 提供坐标信息","invocations":1,"location":null,"numPassingAsserts":4,"retryReasons":[],"startAt":1789129586891,"status":"passed","title":"forEachPixelXY 提供坐标信息"},{"ancestorTitles":["颜色转换函数"],"duration":0,"failing":false,"failureDetails":[],"failureMessages":[],"fullName":"颜色转换函数 rgbToHex 转换正确","invocations":1,"location":null,"numPassingAsserts":5,"retryReasons":[],"startAt":1789129586891,"status":"passed","title":"rgbToHex 转换正确"},{"ancestorTitles":["颜色转换函数"],"duration":0,"failing":false,"failureDetails":[],"failureMessages":[],"fullName":"颜色转换函数 rgbToHex 处理边界值","invocations":1,"location":null,"numPassingAsserts":2,"retryReasons":[],"startAt":1789129586891,"status":"passed","title":"rgbToHex 处理边界值"},{"ancestorTitles":["颜色转换函数"],"duration":0,"failing":false,"failureDetails":[],"failureMessages":[],"fullName":"颜色转换函数 hexToRgb 转换正确","invocations":1,"location":null,"numPassingAsserts":3,"retryReasons":[],"startAt":1789129586892,"status":"passed","title":"hexToRgb 转换正确"},{"ancestorTitles":["颜色转换函数"],"duration":0,"failing":false,"failureDetails":[],"failureMessages":[],"fullName":"颜色转换函数 hexToRgb 处理简写格式","invocations":1,"location":null,"numPassingAsserts":2,"retryReasons":[],"startAt":1789129586892,"status":"passed","title":"hexToRgb 处理简写格式"},{"ancestorTitles":["颜色转换函数"],"duration":0,"failing":false,"failureDetails":[],"failureMessages":[],"fullName":"颜色转换函数 rgbToGray 加权计算","invocations":1,"location":null,"numPassingAsserts":4,"retryReasons":[],"startAt":1789129586892,"status":"passed","title":"rgbToGray 加权计算"},{"ancestorTitles":["颜色转换函数"],"duration":0,"failing":false,"failureDetails":[],"failureMessages":[],"fullName":"颜色转换函数 rgbToHsv 转换正确","invocations":1,"location":null,"numPassingAsserts":5,"retryReasons":[],"startAt":1789129586892,"status":"passed","title":"rgbToHsv 转换正确"},{"ancestorTitles":["工具函数"],"duration":1,"failing":false,"failureDetails":[],"failureMessages":[],"fullName":"工具函数 clamp 限制值范围","invocations":1,"location":null,"numPassingAsserts":5,"retryReasons":[],"startAt":1789129586892,"status":"passed","title":"clamp 限制值范围"},{"ancestorTitles":["工具函数"],"duration":0,"failing":false,"failureDetails":[],"failureMessages":[],"fullName":"工具函数 lerp 线性插值","invocations":1,"location":null,"numPassingAsserts":4,"retryReasons":[],"startAt":1789129586893,"status":"passed","title":"lerp 线性插值"},{"ancestorTitles":["向后兼容性"],"duration":5,"failing":false,"failureDetails":[],"failureMessages":[],"fullName":"向后兼容性 通过 imageUtils.js 导入","invocations":1,"location":null,"numPassingAsserts":4,"retryReasons":[],"startAt":1789129586893,"status":"passed","title":"通过 imageUtils.js 导入"},{"ancestorTitles":["向后兼容性"],"duration":0,"failing":false,"failureDetails":[],"failureMessages":[],"fullName":"向后兼容性 通过 index.js 导入","invocations":1,"location":null,"numPassingAsserts":4,"retryReasons":[],"startAt":1789129586898,"status":"passed","title":"通过 index.js 导入"}],"endTime":1789129586898,"message":"","name":"/Users/wuxiuran/project/ocr-learn-ai/shared/__tests__/core.test.js","startTime":1789129586877,"status":"passed","summary":""},{"assertionResults":[{"ancestorTitles":["第18章 RNN / LSTM"],"duration":1,"failing":false,"failureDetails":[],"failureMessages":[],"fullName":"第18章 RNN / LSTM 共享权重逐步展开，首帧与第二帧可手算","invocations":1,"location":null,"numPassingAsserts":3,"retryReasons":[],"startAt":1789129586911,"status":"passed","title":"共享权重逐步展开，首帧与第二帧可手算"},{"ancestorTitles":["第18章 RNN / LSTM"],"duration":0,"failing":false,"failureDetails":[],"failureMessages":[],"fullName":"第18章 RNN / LSTM 双向输出按原时间位置拼接；改未来只影响反向首帧","invocations":1,"location":null,"numPassingAsserts":3,"retryReasons":[],"startAt":1789129586912,"status":"passed","title":"双向输出按原时间位置拼接；改未来只影响反向首帧"},{"ancestorTitles":["第18章 RNN / LSTM"],"duration":1,"failing":false,"failureDetails":[],"failureMessages":[],"fullName":"第18章 RNN / LSTM LSTM 三个门、候选、中间 cell 和输出分别符合独立手算","invocations":1,"location":null,"numPassingAsserts":6,"retryReasons":[],"startAt":1789129586912,"status":"passed","title":"LSTM 三个门、候选、中间 cell 和输出分别符合独立手算"},{"ancestorTitles":["第18章 RNN / LSTM"],"duration":0,"failing":false,"failureDetails":[],"failureMessages":[],"fullName":"第18章 RNN / LSTM 灵敏度符合有限差分，并包含消失、爆炸、饱和反例","invocations":1,"location":null,"numPassingAsserts":4,"retryReasons":[],"startAt":1789129586913,"status":"passed","title":"灵敏度符合有限差分，并包含消失、爆炸、饱和反例"},{"ancestorTitles":["第18章 RNN / LSTM"],"duration":0,"failing":false,"failureDetails":[],"failureMessages":[],"fullName":"第18章 RNN / LSTM 空序列保留初始状态，不修改输入","invocations":1,"location":null,"numPassingAsserts":5,"retryReasons":[],"startAt":1789129586913,"status":"passed","title":"空序列保留初始状态，不修改输入"},{"ancestorTitles":["第18章 RNN / LSTM"],"duration":7,"failing":false,"failureDetails":[],"failureMessages":[],"fullName":"第18章 RNN / LSTM 拒绝非法维度、非有限输入与非法初始状态","invocations":1,"location":null,"numPassingAsserts":5,"retryReasons":[],"startAt":1789129586913,"status":"passed","title":"拒绝非法维度、非有限输入与非法初始状态"}],"endTime":1789129586921,"message":"","name":"/Users/wuxiuran/project/ocr-learn-ai/shared/__tests__/rnnBasics.test.js","startTime":1789129586900,"status":"passed","summary":""},{"assertionResults":[{"ancestorTitles":["18 本轮独立正确性回归"],"duration":1,"failing":false,"failureDetails":[],"failureMessages":[],"fullName":"18 本轮独立正确性回归 二维非对称循环矩阵的雅可比是 diag(1-h²) Whᵀ","invocations":1,"location":null,"numPassingAsserts":4,"retryReasons":[],"startAt":1789129586933,"status":"passed","title":"二维非对称循环矩阵的雅可比是 diag(1-h²) Whᵀ"},{"ancestorTitles":["18 本轮独立正确性回归"],"duration":0,"failing":false,"failureDetails":[],"failureMessages":[],"fullName":"18 本轮独立正确性回归 两维LSTM三门与候选的顺序，包含非零历史h/c","invocations":1,"location":null,"numPassingAsserts":4,"retryReasons":[],"startAt":1789129586934,"status":"passed","title":"两维LSTM三门与候选的顺序，包含非零历史h/c"},{"ancestorTitles":["18 本轮独立正确性回归"],"duration":7,"failing":false,"failureDetails":[],"failureMessages":[],"fullName":"18 本轮独立正确性回归 拒绝缺项数组：不能让有限数值校验漏过空槽并产生NaN","invocations":1,"location":null,"numPassingAsserts":8,"retryReasons":[],"startAt":1789129586934,"status":"passed","title":"拒绝缺项数组：不能让有限数值校验漏过空槽并产生NaN"}],"endTime":1789129586941,"message":"","name":"/Users/wuxiuran/project/ocr-learn-ai/shared/__tests__/18-rnn-regression.test.js","startTime":1789129586923,"status":"passed","summary":""},{"assertionResults":[{"ancestorTitles":["现场评估记录"],"duration":2,"failing":false,"failureDetails":[],"failureMessages":[],"fullName":"现场评估记录 保存再读取保留前导零；补标注不修改原始预测","invocations":1,"location":null,"numPassingAsserts":4,"retryReasons":[],"startAt":1789129586955,"status":"passed","title":"保存再读取保留前导零；补标注不修改原始预测"},{"ancestorTitles":["现场评估记录"],"duration":4,"failing":false,"failureDetails":[],"failureMessages":[],"fullName":"现场评估记录 同一图片同轮重试不能充当新样本或覆盖首次预测","invocations":1,"location":null,"numPassingAsserts":3,"retryReasons":[],"startAt":1789129586957,"status":"passed","title":"同一图片同轮重试不能充当新样本或覆盖首次预测"},{"ancestorTitles":["现场评估记录"],"duration":0,"failing":false,"failureDetails":[],"failureMessages":[],"fullName":"现场评估记录 按模型、输入类型和预处理配置隔离实验，不混合合成与实拍成绩","invocations":1,"location":null,"numPassingAsserts":1,"retryReasons":[],"startAt":1789129586961,"status":"passed","title":"按模型、输入类型和预处理配置隔离实验，不混合合成与实拍成绩"},{"ancestorTitles":["现场评估记录"],"duration":0,"failing":false,"failureDetails":[],"failureMessages":[],"fullName":"现场评估记录 有效照片空预测计入失败；待标注不进入分母","invocations":1,"location":null,"numPassingAsserts":4,"retryReasons":[],"startAt":1789129586961,"status":"passed","title":"有效照片空预测计入失败；待标注不进入分母"}],"endTime":1789129586962,"message":"","name":"/Users/wuxiuran/project/ocr-learn-ai/shared/__tests__/validationRecords.test.js","startTime":1789129586943,"status":"passed","summary":""},{"assertionResults":[{"ancestorTitles":["结构元素创建"],"duration":0,"failing":false,"failureDetails":[],"failureMessages":[],"fullName":"结构元素创建 createStructuringElement rect","invocations":1,"location":null,"numPassingAsserts":11,"retryReasons":[],"startAt":1789129586981,"status":"passed","title":"createStructuringElement rect"},{"ancestorTitles":["结构元素创建"],"duration":1,"failing":false,"failureDetails":[],"failureMessages":[],"fullName":"结构元素创建 createStructuringElement cross","invocations":1,"location":null,"numPassingAsserts":9,"retryReasons":[],"startAt":1789129586981,"status":"passed","title":"createStructuringElement cross"},{"ancestorTitles":["结构元素创建"],"duration":0,"failing":false,"failureDetails":[],"failureMessages":[],"fullName":"结构元素创建 createStructuringElement ellipse","invocations":1,"location":null,"numPassingAsserts":1,"retryReasons":[],"startAt":1789129586982,"status":"passed","title":"createStructuringElement ellipse"},{"ancestorTitles":["结构元素创建"],"duration":0,"failing":false,"failureDetails":[],"failureMessages":[],"fullName":"结构元素创建 createStructuringElement 偶数变奇数","invocations":1,"location":null,"numPassingAsserts":1,"retryReasons":[],"startAt":1789129586982,"status":"passed","title":"createStructuringElement 偶数变奇数"},{"ancestorTitles":["腐蚀操作"],"duration":0,"failing":false,"failureDetails":[],"failureMessages":[],"fullName":"腐蚀操作 erode 缩小前景","invocations":1,"location":null,"numPassingAsserts":3,"retryReasons":[],"startAt":1789129586982,"status":"passed","title":"erode 缩小前景"},{"ancestorTitles":["腐蚀操作"],"duration":0,"failing":false,"failureDetails":[],"failureMessages":[],"fullName":"腐蚀操作 erode 去除小噪点","invocations":1,"location":null,"numPassingAsserts":1,"retryReasons":[],"startAt":1789129586982,"status":"passed","title":"erode 去除小噪点"},{"ancestorTitles":["膨胀操作"],"duration":0,"failing":false,"failureDetails":[],"failureMessages":[],"fullName":"膨胀操作 dilate 扩大前景","invocations":1,"location":null,"numPassingAsserts":3,"retryReasons":[],"startAt":1789129586983,"status":"passed","title":"dilate 扩大前景"},{"ancestorTitles":["膨胀操作"],"duration":0,"failing":false,"failureDetails":[],"failureMessages":[],"fullName":"膨胀操作 dilate 填补空洞","invocations":1,"location":null,"numPassingAsserts":1,"retryReasons":[],"startAt":1789129586983,"status":"passed","title":"dilate 填补空洞"},{"ancestorTitles":["开运算和闭运算"],"duration":0,"failing":false,"failureDetails":[],"failureMessages":[],"fullName":"开运算和闭运算 morphOpen 去除噪点","invocations":1,"location":null,"numPassingAsserts":2,"retryReasons":[],"startAt":1789129586983,"status":"passed","title":"morphOpen 去除噪点"},{"ancestorTitles":["开运算和闭运算"],"duration":1,"failing":false,"failureDetails":[],"failureMessages":[],"fullName":"开运算和闭运算 morphClose 填补空洞","invocations":1,"location":null,"numPassingAsserts":1,"retryReasons":[],"startAt":1789129586983,"status":"passed","title":"morphClose 填补空洞"},{"ancestorTitles":["形态学梯度"],"duration":0,"failing":false,"failureDetails":[],"failureMessages":[],"fullName":"形态学梯度 morphGradient 提取边缘","invocations":1,"location":null,"numPassingAsserts":1,"retryReasons":[],"startAt":1789129586984,"status":"passed","title":"morphGradient 提取边缘"},{"ancestorTitles":["顶帽和黑帽变换"],"duration":0,"failing":false,"failureDetails":[],"failureMessages":[],"fullName":"顶帽和黑帽变换 topHat 提取亮点","invocations":1,"location":null,"numPassingAsserts":1,"retryReasons":[],"startAt":1789129586984,"status":"passed","title":"topHat 提取亮点"},{"ancestorTitles":["顶帽和黑帽变换"],"duration":0,"failing":false,"failureDetails":[],"failureMessages":[],"fullName":"顶帽和黑帽变换 blackHat 提取暗点","invocations":1,"location":null,"numPassingAsserts":1,"retryReasons":[],"startAt":1789129586984,"status":"passed","title":"blackHat 提取暗点"},{"ancestorTitles":["边界情况"],"duration":1,"failing":false,"failureDetails":[],"failureMessages":[],"fullName":"边界情况 处理全黑图像","invocations":1,"location":null,"numPassingAsserts":2,"retryReasons":[],"startAt":1789129586984,"status":"passed","title":"处理全黑图像"},{"ancestorTitles":["边界情况"],"duration":0,"failing":false,"failureDetails":[],"failureMessages":[],"fullName":"边界情况 处理全白图像","invocations":1,"location":null,"numPassingAsserts":2,"retryReasons":[],"startAt":1789129586985,"status":"passed","title":"处理全白图像"}],"endTime":1789129586985,"message":"","name":"/Users/wuxiuran/project/ocr-learn-ai/shared/__tests__/morphology.test.js","startTime":1789129586968,"status":"passed","summary":""},{"assertionResults":[{"ancestorTitles":["固定阈值二值化"],"duration":1,"failing":false,"failureDetails":[],"failureMessages":[],"fullName":"固定阈值二值化 binarizeFixed 基本功能","invocations":1,"location":null,"numPassingAsserts":5,"retryReasons":[],"startAt":1789129586999,"status":"passed","title":"binarizeFixed 基本功能"},{"ancestorTitles":["固定阈值二值化"],"duration":0,"failing":false,"failureDetails":[],"failureMessages":[],"fullName":"固定阈值二值化 binarizeFixed 阈值为 0","invocations":1,"location":null,"numPassingAsserts":5,"retryReasons":[],"startAt":1789129587000,"status":"passed","title":"binarizeFixed 阈值为 0"},{"ancestorTitles":["固定阈值二值化"],"duration":1,"failing":false,"failureDetails":[],"failureMessages":[],"fullName":"固定阈值二值化 binarizeFixed 阈值为 256","invocations":1,"location":null,"numPassingAsserts":5,"retryReasons":[],"startAt":1789129587000,"status":"passed","title":"binarizeFixed 阈值为 256"},{"ancestorTitles":["Otsu 二值化"],"duration":0,"failing":false,"failureDetails":[],"failureMessages":[],"fullName":"Otsu 二值化 calculateOtsuThreshold 双峰分布","invocations":1,"location":null,"numPassingAsserts":3,"retryReasons":[],"startAt":1789129587001,"status":"passed","title":"calculateOtsuThreshold 双峰分布"},{"ancestorTitles":["Otsu 二值化"],"duration":0,"failing":false,"failureDetails":[],"failureMessages":[],"fullName":"Otsu 二值化 calculateOtsuThreshold 空直方图","invocations":1,"location":null,"numPassingAsserts":2,"retryReasons":[],"startAt":1789129587001,"status":"passed","title":"calculateOtsuThreshold 空直方图"},{"ancestorTitles":["Otsu 二值化"],"duration":1,"failing":false,"failureDetails":[],"failureMessages":[],"fullName":"Otsu 二值化 binarizeOtsu 完整流程","invocations":1,"location":null,"numPassingAsserts":7,"retryReasons":[],"startAt":1789129587001,"status":"passed","title":"binarizeOtsu 完整流程"},{"ancestorTitles":["自适应阈值二值化"],"duration":0,"failing":false,"failureDetails":[],"failureMessages":[],"fullName":"自适应阈值二值化 binarizeAdaptive 基本功能","invocations":1,"location":null,"numPassingAsserts":1,"retryReasons":[],"startAt":1789129587002,"status":"passed","title":"binarizeAdaptive 基本功能"},{"ancestorTitles":["自适应阈值二值化"],"duration":0,"failing":false,"failureDetails":[],"failureMessages":[],"fullName":"自适应阈值二值化 binarizeAdaptive 参数调整","invocations":1,"location":null,"numPassingAsserts":2,"retryReasons":[],"startAt":1789129587002,"status":"passed","title":"binarizeAdaptive 参数调整"},{"ancestorTitles":["边界情况"],"duration":0,"failing":false,"failureDetails":[],"failureMessages":[],"fullName":"边界情况 处理纯白图像","invocations":1,"location":null,"numPassingAsserts":9,"retryReasons":[],"startAt":1789129587002,"status":"passed","title":"处理纯白图像"},{"ancestorTitles":["边界情况"],"duration":0,"failing":false,"failureDetails":[],"failureMessages":[],"fullName":"边界情况 处理纯黑图像","invocations":1,"location":null,"numPassingAsserts":9,"retryReasons":[],"startAt":1789129587003,"status":"passed","title":"处理纯黑图像"}],"endTime":1789129587003,"message":"","name":"/Users/wuxiuran/project/ocr-learn-ai/shared/__tests__/binarization.test.js","startTime":1789129586988,"status":"passed","summary":""},{"assertionResults":[{"ancestorTitles":["灰度化算法"],"duration":1,"failing":false,"failureDetails":[],"failureMessages":[],"fullName":"灰度化算法 grayscaleWeighted 加权灰度化","invocations":1,"location":null,"numPassingAsserts":7,"retryReasons":[],"startAt":1789129587016,"status":"passed","title":"grayscaleWeighted 加权灰度化"},{"ancestorTitles":["灰度化算法"],"duration":0,"failing":false,"failureDetails":[],"failureMessages":[],"fullName":"灰度化算法 grayscaleAverage 平均值灰度化","invocations":1,"location":null,"numPassingAsserts":3,"retryReasons":[],"startAt":1789129587017,"status":"passed","title":"grayscaleAverage 平均值灰度化"},{"ancestorTitles":["灰度化算法"],"duration":0,"failing":false,"failureDetails":[],"failureMessages":[],"fullName":"灰度化算法 grayscaleMax 最大值灰度化","invocations":1,"location":null,"numPassingAsserts":2,"retryReasons":[],"startAt":1789129587017,"status":"passed","title":"grayscaleMax 最大值灰度化"},{"ancestorTitles":["灰度化算法"],"duration":1,"failing":false,"failureDetails":[],"failureMessages":[],"fullName":"灰度化算法 grayscaleMin 最小值灰度化","invocations":1,"location":null,"numPassingAsserts":2,"retryReasons":[],"startAt":1789129587017,"status":"passed","title":"grayscaleMin 最小值灰度化"},{"ancestorTitles":["灰度化算法"],"duration":0,"failing":false,"failureDetails":[],"failureMessages":[],"fullName":"灰度化算法 grayscaleSingleChannel 单通道灰度化","invocations":1,"location":null,"numPassingAsserts":3,"retryReasons":[],"startAt":1789129587018,"status":"passed","title":"grayscaleSingleChannel 单通道灰度化"},{"ancestorTitles":["直方图计算"],"duration":0,"failing":false,"failureDetails":[],"failureMessages":[],"fullName":"直方图计算 calculateHistogram 统计正确","invocations":1,"location":null,"numPassingAsserts":4,"retryReasons":[],"startAt":1789129587018,"status":"passed","title":"calculateHistogram 统计正确"},{"ancestorTitles":["直方图计算"],"duration":0,"failing":false,"failureDetails":[],"failureMessages":[],"fullName":"直方图计算 calculateHistogramStats 统计信息正确","invocations":1,"location":null,"numPassingAsserts":4,"retryReasons":[],"startAt":1789129587018,"status":"passed","title":"calculateHistogramStats 统计信息正确"},{"ancestorTitles":["直方图计算"],"duration":0,"failing":false,"failureDetails":[],"failureMessages":[],"fullName":"直方图计算 calculateHistogramStats 中位数计算","invocations":1,"location":null,"numPassingAsserts":1,"retryReasons":[],"startAt":1789129587018,"status":"passed","title":"calculateHistogramStats 中位数计算"},{"ancestorTitles":["边界情况"],"duration":1,"failing":false,"failureDetails":[],"failureMessages":[],"fullName":"边界情况 处理 1x1 图像","invocations":1,"location":null,"numPassingAsserts":1,"retryReasons":[],"startAt":1789129587018,"status":"passed","title":"处理 1x1 图像"},{"ancestorTitles":["边界情况"],"duration":0,"failing":false,"failureDetails":[],"failureMessages":[],"fullName":"边界情况 处理全黑图像","invocations":1,"location":null,"numPassingAsserts":9,"retryReasons":[],"startAt":1789129587019,"status":"passed","title":"处理全黑图像"}],"endTime":1789129587019,"message":"","name":"/Users/wuxiuran/project/ocr-learn-ai/shared/__tests__/grayscale.test.js","startTime":1789129587006,"status":"passed","summary":""},{"assertionResults":[{"ancestorTitles":["照片预处理边界回归"],"duration":0,"failing":false,"failureDetails":[],"failureMessages":[],"fullName":"照片预处理边界回归 Otsu 保留精确黑白图的黑色笔画（阈值分组边界一致）","invocations":1,"location":null,"numPassingAsserts":1,"retryReasons":[],"startAt":1789129587034,"status":"passed","title":"Otsu 保留精确黑白图的黑色笔画（阈值分组边界一致）"},{"ancestorTitles":["照片预处理边界回归"],"duration":1,"failing":false,"failureDetails":[],"failureMessages":[],"fullName":"照片预处理边界回归 纯白输入仍为空白，纯黑输入仍为黑色","invocations":1,"location":null,"numPassingAsserts":2,"retryReasons":[],"startAt":1789129587034,"status":"passed","title":"纯白输入仍为空白，纯黑输入仍为黑色"}],"endTime":1789129587035,"message":"","name":"/Users/wuxiuran/project/ocr-learn-ai/shared/__tests__/ocrPreprocessingRegression.test.js","startTime":1789129587022,"status":"passed","summary":""}],"wasInterrupted":false}
